#
# A fatal error has been detected by the Java Runtime Environment:
#
#  SIGSEGV (0xb) at pc=0x00007fcaf10690ba, pid=24866, tid=140508679792384
#
# JRE version: OpenJDK Runtime Environment (8.0_91-b14) (build 1.8.0_91-8u91-b14-0ubuntu4~16.04.1-b14)
# Java VM: OpenJDK 64-Bit Server VM (25.91-b14 mixed mode linux-amd64 compressed oops)
# Problematic frame:
# v  ~BufferBlob::jni_fast_GetLongField
#
# Failed to write core dump. Core dumps have been disabled. To enable core dumping, try "ulimit -c unlimited" before starting Java again
#
# If you would like to submit a bug report, please visit:
#   http://bugreport.java.com/bugreport/crash.jsp
# The crash happened outside the Java Virtual Machine in native code.
# See problematic frame for where to report the bug.
#

---------------  T H R E A D  ---------------

Current thread (0x00007fcb00271000):  JavaThread "AWT-XAWT" daemon [_thread_in_native, id=24882, stack(0x00007fcab9e26000,0x00007fcab9f27000)]

siginfo: si_signo: 11 (SIGSEGV), si_code: 1 (SEGV_MAPERR), si_addr: 0x0000000000000000

Registers:
RAX=0x00007fcb06dcbe80, RBX=0x00007fcb002711e0, RCX=0x0000000000000000, RDX=0x0000000000000042
RSP=0x00007fcab9f25838, RBP=0x00007fcab9f25860, RSI=0x0000000000000000, RDI=0x00007fcb002711e0
R8 =0x00000000ee11b530, R9 =0x0000000000000000, R10=0x00000000000000fe, R11=0x00007fcaf1697018
R12=0x00007fcaa000b480, R13=0x0000000000000000, R14=0x00007fcae827eb00, R15=0x00007fcb00271000
RIP=0x00007fcaf10690ba, EFLAGS=0x0000000000010246, CSGSFS=0x0000000000000033, ERR=0x0000000000000004
  TRAPNO=0x000000000000000e

Top of Stack: (sp=0x00007fcab9f25838)
0x00007fcab9f25838:   00007fcae805bf34 00007fcaf0534ab0
0x00007fcab9f25848:   00007fcaa000b480 00007fcab9f25910
0x00007fcab9f25858:   00007fcab9f258e0 0000000000000000
0x00007fcab9f25868:   00007fcabb8473c0 00007fcaf0534ab0
0x00007fcab9f25878:   00007fcab9f258a0 0000000000000000
0x00007fcab9f25888:   00007fcabb83ef93 00007fcab9f25910
0x00007fcab9f25898:   00007fcae8053caf 00007fcab9f258f0
0x00007fcab9f258a8:   00007fcaf16970b6 0000000000000000
0x00007fcab9f258b8:   00007fcaf13e70b6 00007fcab9f25910
0x00007fcab9f258c8:   00007fcaf115e9ec 00000000ee0c8340
0x00007fcab9f258d8:   00007fcaf166a6f4 00000000ee17ef20
0x00007fcab9f258e8:   00000000ee1cd230 00007fcab9f25970
0x00007fcab9f258f8:   00007fcaf10077d0 00007fcab9f25970
0x00007fcab9f25908:   00007fcaf10077d0 0000000000000000
0x00007fcab9f25918:   00007fcaf1007b10 00007fcaa8000e30
0x00007fcab9f25928:   00000000ee0c8340 00007fcab9f25930
0x00007fcab9f25938:   00007fcaf062b7b4 00007fcab9f259b8
0x00007fcab9f25948:   00007fcaf0634f18 0000000000000000
0x00007fcab9f25958:   00007fcaf062b8f0 00007fcab9f25910
0x00007fcab9f25968:   00007fcab9f259b0 00007fcab9f25a00
0x00007fcab9f25978:   00007fcaf1007ffd 0000000000000000
0x00007fcab9f25988:   00000000ed8dee88 0000000000000000
0x00007fcab9f25998:   0000000000000000 0000000000000000
0x00007fcab9f259a8:   00000000ee0c8340 0000000000000000
0x00007fcab9f259b8:   00000000ee0c82e8 00007fcab9f259c0
0x00007fcab9f259c8:   00007fcaf062b5f5 00007fcab9f25a10
0x00007fcab9f259d8:   00007fcaf0634f18 0000000000000000
0x00007fcab9f259e8:   00007fcaf062b600 00007fcab9f259b0
0x00007fcab9f259f8:   00007fcab9f25a10 00007fcab9f25a58
0x00007fcab9f25a08:   00007fcaf1008042 00000000ee0c82e8
0x00007fcab9f25a18:   00007fcab9f25a18 00007fcaf01348db
0x00007fcab9f25a28:   00007fcab9f25a68 00007fcaf01bbdd8 

Instructions: (pc=0x00007fcaf10690ba)
0x00007fcaf106909a:   00 00 00 00 00 00 44 8b 15 2d f8 d8 15 4c 8b ce
0x00007fcaf10690aa:   41 f6 c2 01 0f 85 2e 00 00 00 4d 33 ca 4d 33 ca
0x00007fcaf10690ba:   4d 8b 09 4c 8b da 49 c1 eb 02 4b 8b 04 19 49 bb
0x00007fcaf10690ca:   d4 88 df 06 cb 7f 00 00 4c 33 d8 4c 33 d8 45 3b 

Register to memory mapping:

RAX=0x00007fcb06dcbe80: <offset 0xee7e80> in /usr/lib/jvm/java-8-openjdk-amd64/jre/lib/amd64/server/libjvm.so at 0x00007fcb05ee4000
RBX=0x00007fcb002711e0 is an unknown value
RCX=0x0000000000000000 is an unknown value
RDX=0x0000000000000042 is an unknown value
RSP=0x00007fcab9f25838 is pointing into the stack for thread: 0x00007fcb00271000
RBP=0x00007fcab9f25860 is pointing into the stack for thread: 0x00007fcb00271000
RSI=0x0000000000000000 is an unknown value
RDI=0x00007fcb002711e0 is an unknown value
R8 =0x00000000ee11b530 is an oop
sun.util.logging.PlatformLogger$Level 
 - klass: 'sun/util/logging/PlatformLogger$Level'
R9 =0x0000000000000000 is an unknown value
R10=0x00000000000000fe is an unknown value
R11=0x00007fcaf1697018 is at entry_point+24 in (nmethod*)0x00007fcaf1696e90
R12=0x00007fcaa000b480 is an unknown value
R13=0x0000000000000000 is an unknown value
R14=0x00007fcae827eb00: <offset 0x258b00> in /usr/lib/jvm/java-8-openjdk-amd64/jre/lib/amd64/libawt_xawt.so at 0x00007fcae8026000
R15=0x00007fcb00271000 is a thread


Stack: [0x00007fcab9e26000,0x00007fcab9f27000],  sp=0x00007fcab9f25838,  free space=1022k
Native frames: (J=compiled Java code, j=interpreted, Vv=VM code, C=native code)
v  ~BufferBlob::jni_fast_GetLongField
C  [libX11.so.6+0x643c0]  _XimServerDestroy+0x70

Java frames: (J=compiled Java code, j=interpreted, Vv=VM code)
J 2056  sun.awt.X11.XlibWrapper.XFilterEvent(JJ)Z (0 bytes) @ 0x00007fcaf1697044 [0x00007fcaf1697000+0x44]
j  sun.awt.X11.XToolkit.run(Z)V+300
j  sun.awt.X11.XToolkit.run()V+5
j  java.lang.Thread.run()V+11
v  ~StubRoutines::call_stub

---------------  P R O C E S S  ---------------

Java Threads: ( => current thread )
  0x00007fcb00367800 JavaThread "DestroyJavaVM" [_thread_blocked, id=24867, stack(0x00007fcb07b23000,0x00007fcb07c24000)]
  0x00007fcb00341000 JavaThread "TimerQueue" daemon [_thread_blocked, id=24885, stack(0x00007fcab91f7000,0x00007fcab92f8000)]
  0x00007fcb0030b000 JavaThread "AWT-EventQueue-0" [_thread_blocked, id=24884, stack(0x00007fcab92f8000,0x00007fcab93f9000)]
  0x00007fcb00309000 JavaThread "AWT-Shutdown" [_thread_blocked, id=24883, stack(0x00007fcab93f9000,0x00007fcab94fa000)]
=>0x00007fcb00271000 JavaThread "AWT-XAWT" daemon [_thread_in_native, id=24882, stack(0x00007fcab9e26000,0x00007fcab9f27000)]
  0x00007fcb00249800 JavaThread "Java2D Disposer" daemon [_thread_blocked, id=24881, stack(0x00007fcaba337000,0x00007fcaba438000)]
  0x00007fcb000c1000 JavaThread "Service Thread" daemon [_thread_blocked, id=24879, stack(0x00007fcae83b7000,0x00007fcae84b8000)]
  0x00007fcb000b1800 JavaThread "C1 CompilerThread2" daemon [_thread_blocked, id=24878, stack(0x00007fcae84b8000,0x00007fcae85b9000)]
  0x00007fcb000b0000 JavaThread "C2 CompilerThread1" daemon [_thread_blocked, id=24877, stack(0x00007fcae85b9000,0x00007fcae86ba000)]
  0x00007fcb000ad000 JavaThread "C2 CompilerThread0" daemon [_thread_blocked, id=24876, stack(0x00007fcae86ba000,0x00007fcae87bb000)]
  0x00007fcb000ab000 JavaThread "Signal Dispatcher" daemon [_thread_in_vm, id=24875, stack(0x00007fcae87bb000,0x00007fcae88bc000)]
  0x00007fcb00083000 JavaThread "Finalizer" daemon [_thread_blocked, id=24874, stack(0x00007fcae8fc1000,0x00007fcae90c2000)]
  0x00007fcb0007e800 JavaThread "Reference Handler" daemon [_thread_blocked, id=24873, stack(0x00007fcae90c2000,0x00007fcae91c3000)]

Other Threads:
  0x00007fcb00077000 VMThread [stack: 0x00007fcae91c3000,0x00007fcae92c4000] [id=24872]
  0x00007fcb000c3800 WatcherThread [stack: 0x00007fcae82b6000,0x00007fcae83b7000] [id=24880]

VM state:not at safepoint (normal execution)

VM Mutex/Monitor currently owned by a thread:  ([mutex/lock_event])
[0x00007fcb00006120] Threads_lock - owner thread: 0x00007fcb000ab000

Heap:
 PSYoungGen      total 17408K, used 13727K [0x00000000ed180000, 0x00000000ee480000, 0x0000000100000000)
  eden space 15360K, 76% used [0x00000000ed180000,0x00000000edceb590,0x00000000ee080000)
  from space 2048K, 99% used [0x00000000ee080000,0x00000000ee27c820,0x00000000ee280000)
  to   space 2048K, 0% used [0x00000000ee280000,0x00000000ee280000,0x00000000ee480000)
 ParOldGen       total 39936K, used 1709K [0x00000000c7400000, 0x00000000c9b00000, 0x00000000ed180000)
  object space 39936K, 4% used [0x00000000c7400000,0x00000000c75ab410,0x00000000c9b00000)
 Metaspace       used 14486K, capacity 14790K, committed 14976K, reserved 1062912K
  class space    used 1709K, capacity 1801K, committed 1920K, reserved 1048576K

Card table byte_map: [0x00007fcb0402b000,0x00007fcb041f2000] byte_map_base: 0x00007fcb039f1000

Marking Bits: (ParMarkBitMap*) 0x00007fcb06df7fc0
 Begin Bits: [0x00007fcaea3a0000, 0x00007fcaeb1d0000)
 End Bits:   [0x00007fcaeb1d0000, 0x00007fcaec000000)

Polling page: 0x00007fcb07c49000

CodeCache: size=245760Kb used=6983Kb max_used=7006Kb free=238776Kb
 bounds [0x00007fcaf1000000, 0x00007fcaf16f0000, 0x00007fcb00000000]
 total_blobs=2625 nmethods=2057 adapters=482
 compilation: enabled

Compilation events (10 events):
Event: 9427,346 Thread 0x00007fcb000ad000 2100       4       sun.awt.X11.XEvent::get_xany (22 bytes)
Event: 9427,356 Thread 0x00007fcb000ad000 nmethod 2100 0x00007fcaf111c550 code [0x00007fcaf111c6e0, 0x00007fcaf111ca18]
Event: 12138,802 Thread 0x00007fcb000b0000 2101   !   4       java.util.Vector$Itr::next (63 bytes)
Event: 12138,816 Thread 0x00007fcb000b0000 nmethod 2101 0x00007fcaf11c8990 code [0x00007fcaf11c8ae0, 0x00007fcaf11c8e38]
Event: 12527,558 Thread 0x00007fcb000ad000 2102       4       java.lang.Thread::isInterrupted (6 bytes)
Event: 12527,561 Thread 0x00007fcb000ad000 nmethod 2102 0x00007fcaf11bd110 code [0x00007fcaf11bd260, 0x00007fcaf11bd308]
Event: 21239,454 Thread 0x00007fcb000b1800 2103       1       sun.awt.X11.XAtom::getAtom (5 bytes)
Event: 21239,456 Thread 0x00007fcb000b1800 nmethod 2103 0x00007fcaf1211e10 code [0x00007fcaf1211f60, 0x00007fcaf1212070]
Event: 21247,743 Thread 0x00007fcb000b1800 2104       3       sun.awt.X11.XClientMessageEvent::get_message_type (20 bytes)
Event: 21247,753 Thread 0x00007fcb000b1800 nmethod 2104 0x00007fcaf11c8250 code [0x00007fcaf11c83e0, 0x00007fcaf11c87a8]

GC Heap History (2 events):
Event: 3,597 GC heap before
{Heap before GC invocations=1 (full 0):
 PSYoungGen      total 17408K, used 15360K [0x00000000ed180000, 0x00000000ee480000, 0x0000000100000000)
  eden space 15360K, 100% used [0x00000000ed180000,0x00000000ee080000,0x00000000ee080000)
  from space 2048K, 0% used [0x00000000ee280000,0x00000000ee280000,0x00000000ee480000)
  to   space 2048K, 0% used [0x00000000ee080000,0x00000000ee080000,0x00000000ee280000)
 ParOldGen       total 39936K, used 0K [0x00000000c7400000, 0x00000000c9b00000, 0x00000000ed180000)
  object space 39936K, 0% used [0x00000000c7400000,0x00000000c7400000,0x00000000c9b00000)
 Metaspace       used 13539K, capacity 13798K, committed 14080K, reserved 1060864K
  class space    used 1607K, capacity 1705K, committed 1792K, reserved 1048576K
Event: 3,619 GC heap after
Heap after GC invocations=1 (full 0):
 PSYoungGen      total 17408K, used 2034K [0x00000000ed180000, 0x00000000ee480000, 0x0000000100000000)
  eden space 15360K, 0% used [0x00000000ed180000,0x00000000ed180000,0x00000000ee080000)
  from space 2048K, 99% used [0x00000000ee080000,0x00000000ee27c820,0x00000000ee280000)
  to   space 2048K, 0% used [0x00000000ee280000,0x00000000ee280000,0x00000000ee480000)
 ParOldGen       total 39936K, used 1709K [0x00000000c7400000, 0x00000000c9b00000, 0x00000000ed180000)
  object space 39936K, 4% used [0x00000000c7400000,0x00000000c75ab410,0x00000000c9b00000)
 Metaspace       used 13539K, capacity 13798K, committed 14080K, reserved 1060864K
  class space    used 1607K, capacity 1705K, committed 1792K, reserved 1048576K
}

Deoptimization events (10 events):
Event: 5,455 Thread 0x00007fcb0030b000 Uncommon trap: reason=class_check action=maybe_recompile pc=0x00007fcaf15210b4 method=sun.java2d.loops.SurfaceType.pixelFor(ILjava/awt/image/ColorModel;)I @ 6
Event: 5,455 Thread 0x00007fcb0030b000 Uncommon trap: reason=class_check action=maybe_recompile pc=0x00007fcaf15210b4 method=sun.java2d.loops.SurfaceType.pixelFor(ILjava/awt/image/ColorModel;)I @ 6
Event: 5,455 Thread 0x00007fcb0030b000 Uncommon trap: reason=class_check action=maybe_recompile pc=0x00007fcaf15e8a2c method=sun.java2d.loops.SurfaceType.pixelFor(ILjava/awt/image/ColorModel;)I @ 6
Event: 5,640 Thread 0x00007fcb0030b000 Uncommon trap: reason=unstable_if action=reinterpret pc=0x00007fcaf169bae0 method=javax.swing.RepaintManager.addDirtyRegion0(Ljava/awt/Container;IIII)V @ 94
Event: 13,841 Thread 0x00007fcb0030b000 Uncommon trap: reason=class_check action=maybe_recompile pc=0x00007fcaf11602f0 method=java.lang.String.equals(Ljava/lang/Object;)Z @ 8
Event: 13,841 Thread 0x00007fcb0030b000 Uncommon trap: reason=class_check action=maybe_recompile pc=0x00007fcaf11602f0 method=java.lang.String.equals(Ljava/lang/Object;)Z @ 8
Event: 13,841 Thread 0x00007fcb0030b000 Uncommon trap: reason=class_check action=maybe_recompile pc=0x00007fcaf11602f0 method=java.lang.String.equals(Ljava/lang/Object;)Z @ 8
Event: 13,845 Thread 0x00007fcb0030b000 Uncommon trap: reason=unstable_if action=reinterpret pc=0x00007fcaf16a7118 method=javax.swing.RepaintManager.addDirtyRegion0(Ljava/awt/Container;IIII)V @ 61
Event: 13,859 Thread 0x00007fcb0030b000 Uncommon trap: reason=class_check action=maybe_recompile pc=0x00007fcaf15db5c0 method=java.awt.EventQueue.removeSourceEvents(Ljava/lang/Object;Z)V @ 85
Event: 13,859 Thread 0x00007fcb00367800 Uncommon trap: reason=unstable_if action=reinterpret pc=0x00007fcaf16278c4 method=java.security.AccessControlContext.optimize()Ljava/security/AccessControlContext; @ 49

Internal exceptions (10 events):
Event: 0,136 Thread 0x00007fcb0000a000 Exception <a 'java/lang/NoSuchFieldError': method resolution failed> (0x00000000ed312a48) thrown at [/build/openjdk-8-6lTAoN/openjdk-8-8u91-b14/src/hotspot/src/share/vm/prims/methodHandles.cpp, line 1146]
Event: 0,138 Thread 0x00007fcb0000a000 Exception <a 'java/lang/NoSuchFieldError': method resolution failed> (0x00000000ed320248) thrown at [/build/openjdk-8-6lTAoN/openjdk-8-8u91-b14/src/hotspot/src/share/vm/prims/methodHandles.cpp, line 1146]
Event: 0,167 Thread 0x00007fcb0000a000 Exception <a 'java/io/FileNotFoundException'> (0x00000000ed39dfb8) thrown at [/build/openjdk-8-6lTAoN/openjdk-8-8u91-b14/src/hotspot/src/share/vm/prims/jni.cpp, line 709]
Event: 0,167 Thread 0x00007fcb0000a000 Exception <a 'java/io/FileNotFoundException'> (0x00000000ed39eac8) thrown at [/build/openjdk-8-6lTAoN/openjdk-8-8u91-b14/src/hotspot/src/share/vm/prims/jni.cpp, line 709]
Event: 0,201 Thread 0x00007fcb0000a000 Exception <a 'java/lang/ClassNotFoundException': sun/dc/DuctusRenderingEngine> (0x00000000ed3c3e90) thrown at [/build/openjdk-8-6lTAoN/openjdk-8-8u91-b14/src/hotspot/src/share/vm/classfile/systemDictionary.cpp, line 210]
Event: 1,079 Thread 0x00007fcb0030b000 Exception <a 'java/lang/UnsupportedOperationException': > (0x00000000edb6c2f8) thrown at [/build/openjdk-8-6lTAoN/openjdk-8-8u91-b14/src/hotspot/src/share/vm/prims/jni.cpp, line 735]
Event: 3,763 Thread 0x00007fcb0030b000 Exception <a 'java/lang/UnsupportedOperationException': > (0x00000000ed2a7388) thrown at [/build/openjdk-8-6lTAoN/openjdk-8-8u91-b14/src/hotspot/src/share/vm/prims/jni.cpp, line 735]
Event: 5,316 Thread 0x00007fcb0030b000 Implicit null exception at 0x00007fcaf157e5d4 to 0x00007fcaf157e79d
Event: 5,640 Thread 0x00007fcb0030b000 Exception <a 'java/lang/UnsupportedOperationException': > (0x00000000edb3afb8) thrown at [/build/openjdk-8-6lTAoN/openjdk-8-8u91-b14/src/hotspot/src/share/vm/prims/jni.cpp, line 735]
Event: 13,859 Thread 0x00007fcb00367800 Implicit null exception at 0x00007fcaf1627628 to 0x00007fcaf16278b1

Events (10 events):
Event: 13,859 Thread 0x00007fcb0030b000 DEOPT UNPACKING pc=0x00007fcaf1004f69 sp=0x00007fcab93f5d00 mode 2
Event: 13,859 Thread 0x00007fcb0000a000 Thread exited: 0x00007fcb0000a000
Event: 13,859 Thread 0x00007fcb00367800 Thread added: 0x00007fcb00367800
Event: 13,859 Thread 0x00007fcb00367800 Uncommon trap: trap_request=0xffffff65 fr.pc=0x00007fcaf16278c4
Event: 13,859 Thread 0x00007fcb00367800 DEOPT PACKING pc=0x00007fcaf16278c4 sp=0x00007fcb07c22860
Event: 13,859 Thread 0x00007fcb00367800 DEOPT UNPACKING pc=0x00007fcaf1004f69 sp=0x00007fcb07c22790 mode 2
Event: 7424,280 loading class sun/awt/X11/XkbEvent
Event: 7424,280 loading class sun/awt/X11/XkbEvent done
Event: 7424,280 loading class sun/awt/X11/XkbAnyEvent
Event: 7424,280 loading class sun/awt/X11/XkbAnyEvent done


Dynamic libraries:
00400000-00401000 r-xp 00000000 fc:02 4330490                            /usr/lib/jvm/java-8-openjdk-amd64/jre/bin/java
00600000-00601000 r--p 00000000 fc:02 4330490                            /usr/lib/jvm/java-8-openjdk-amd64/jre/bin/java
00601000-00602000 rw-p 00001000 fc:02 4330490                            /usr/lib/jvm/java-8-openjdk-amd64/jre/bin/java
0125d000-0127e000 rw-p 00000000 00:00 0                                  [heap]
c7400000-c9b00000 rw-p 00000000 00:00 0 
c9b00000-ed180000 ---p 00000000 00:00 0 
ed180000-ee480000 rw-p 00000000 00:00 0 
ee480000-100000000 ---p 00000000 00:00 0 
100000000-1001e0000 rw-p 00000000 00:00 0 
1001e0000-140000000 ---p 00000000 00:00 0 
7fca98000000-7fca98021000 rw-p 00000000 00:00 0 
7fca98021000-7fca9c000000 ---p 00000000 00:00 0 
7fcaa0000000-7fcaa0056000 rw-p 00000000 00:00 0 
7fcaa0056000-7fcaa4000000 ---p 00000000 00:00 0 
7fcaa4000000-7fcaa4021000 rw-p 00000000 00:00 0 
7fcaa4021000-7fcaa8000000 ---p 00000000 00:00 0 
7fcaa8000000-7fcaa8021000 rw-p 00000000 00:00 0 
7fcaa8021000-7fcaac000000 ---p 00000000 00:00 0 
7fcaac000000-7fcaac021000 rw-p 00000000 00:00 0 
7fcaac021000-7fcab0000000 ---p 00000000 00:00 0 
7fcab0000000-7fcab0021000 rw-p 00000000 00:00 0 
7fcab0021000-7fcab4000000 ---p 00000000 00:00 0 
7fcab4000000-7fcab4021000 rw-p 00000000 00:00 0 
7fcab4021000-7fcab8000000 ---p 00000000 00:00 0 
7fcab8cf6000-7fcab8cf9000 ---p 00000000 00:00 0 
7fcab8cf9000-7fcab8eb7000 rw-p 00000000 00:00 0 
7fcab8eb7000-7fcab8ff7000 ---p 00000000 00:00 0 
7fcab8ff7000-7fcab91f7000 rw-p 00000000 00:00 0 
7fcab91f7000-7fcab91fa000 ---p 00000000 00:00 0 
7fcab91fa000-7fcab92f8000 rw-p 00000000 00:00 0 
7fcab92f8000-7fcab92fb000 ---p 00000000 00:00 0 
7fcab92fb000-7fcab93f9000 rw-p 00000000 00:00 0 
7fcab93f9000-7fcab93fc000 ---p 00000000 00:00 0 
7fcab93fc000-7fcab94fa000 rw-p 00000000 00:00 0 
7fcab94fa000-7fcab950b000 r-xp 00000000 fc:02 4329731                    /usr/lib/jvm/java-8-openjdk-amd64/jre/lib/amd64/libnio.so
7fcab950b000-7fcab970b000 ---p 00011000 fc:02 4329731                    /usr/lib/jvm/java-8-openjdk-amd64/jre/lib/amd64/libnio.so
7fcab970b000-7fcab970c000 r--p 00011000 fc:02 4329731                    /usr/lib/jvm/java-8-openjdk-amd64/jre/lib/amd64/libnio.so
7fcab970c000-7fcab970d000 rw-p 00012000 fc:02 4329731                    /usr/lib/jvm/java-8-openjdk-amd64/jre/lib/amd64/libnio.so
7fcab970d000-7fcab9a0e000 rw-p 00000000 00:00 0 
7fcab9a0e000-7fcab9a25000 r-xp 00000000 fc:02 4329734                    /usr/lib/jvm/java-8-openjdk-amd64/jre/lib/amd64/libnet.so
7fcab9a25000-7fcab9c24000 ---p 00017000 fc:02 4329734                    /usr/lib/jvm/java-8-openjdk-amd64/jre/lib/amd64/libnet.so
7fcab9c24000-7fcab9c25000 r--p 00016000 fc:02 4329734                    /usr/lib/jvm/java-8-openjdk-amd64/jre/lib/amd64/libnet.so
7fcab9c25000-7fcab9c26000 rw-p 00017000 fc:02 4329734                    /usr/lib/jvm/java-8-openjdk-amd64/jre/lib/amd64/libnet.so
7fcab9c26000-7fcab9e26000 rw-p 00000000 00:00 0 
7fcab9e26000-7fcab9e29000 ---p 00000000 00:00 0 
7fcab9e29000-7fcab9f27000 rw-p 00000000 00:00 0 
7fcab9f27000-7fcab9f2c000 r-xp 00000000 fc:02 4203293                    /usr/lib/x86_64-linux-gnu/libXfixes.so.3.1.0
7fcab9f2c000-7fcaba12b000 ---p 00005000 fc:02 4203293                    /usr/lib/x86_64-linux-gnu/libXfixes.so.3.1.0
7fcaba12b000-7fcaba12c000 r--p 00004000 fc:02 4203293                    /usr/lib/x86_64-linux-gnu/libXfixes.so.3.1.0
7fcaba12c000-7fcaba12d000 rw-p 00005000 fc:02 4203293                    /usr/lib/x86_64-linux-gnu/libXfixes.so.3.1.0
7fcaba12d000-7fcaba136000 r-xp 00000000 fc:02 4203285                    /usr/lib/x86_64-linux-gnu/libXcursor.so.1.0.2
7fcaba136000-7fcaba335000 ---p 00009000 fc:02 4203285                    /usr/lib/x86_64-linux-gnu/libXcursor.so.1.0.2
7fcaba335000-7fcaba336000 r--p 00008000 fc:02 4203285                    /usr/lib/x86_64-linux-gnu/libXcursor.so.1.0.2
7fcaba336000-7fcaba337000 rw-p 00009000 fc:02 4203285                    /usr/lib/x86_64-linux-gnu/libXcursor.so.1.0.2
7fcaba337000-7fcaba33a000 ---p 00000000 00:00 0 
7fcaba33a000-7fcaba438000 rw-p 00000000 00:00 0 
7fcaba438000-7fcaba45c000 r-xp 00000000 fc:02 2101820                    /lib/x86_64-linux-gnu/libpng12.so.0.54.0
7fcaba45c000-7fcaba65b000 ---p 00024000 fc:02 2101820                    /lib/x86_64-linux-gnu/libpng12.so.0.54.0
7fcaba65b000-7fcaba65c000 r--p 00023000 fc:02 2101820                    /lib/x86_64-linux-gnu/libpng12.so.0.54.0
7fcaba65c000-7fcaba65d000 rw-p 00024000 fc:02 2101820                    /lib/x86_64-linux-gnu/libpng12.so.0.54.0
7fcaba65d000-7fcaba701000 r-xp 00000000 fc:02 4203695                    /usr/lib/x86_64-linux-gnu/libfreetype.so.6.12.1
7fcaba701000-7fcaba900000 ---p 000a4000 fc:02 4203695                    /usr/lib/x86_64-linux-gnu/libfreetype.so.6.12.1
7fcaba900000-7fcaba906000 r--p 000a3000 fc:02 4203695                    /usr/lib/x86_64-linux-gnu/libfreetype.so.6.12.1
7fcaba906000-7fcaba907000 rw-p 000a9000 fc:02 4203695                    /usr/lib/x86_64-linux-gnu/libfreetype.so.6.12.1
7fcaba928000-7fcaba97a000 r-xp 00000000 fc:02 4329752                    /usr/lib/jvm/java-8-openjdk-amd64/jre/lib/amd64/libfontmanager.so
7fcaba97a000-7fcabab7a000 ---p 00052000 fc:02 4329752                    /usr/lib/jvm/java-8-openjdk-amd64/jre/lib/amd64/libfontmanager.so
7fcabab7a000-7fcabab7c000 r--p 00052000 fc:02 4329752                    /usr/lib/jvm/java-8-openjdk-amd64/jre/lib/amd64/libfontmanager.so
7fcabab7c000-7fcabab7d000 rw-p 00054000 fc:02 4329752                    /usr/lib/jvm/java-8-openjdk-amd64/jre/lib/amd64/libfontmanager.so
7fcabab7d000-7fcabab90000 r--s 00345000 fc:02 4329707                    /usr/lib/jvm/java-8-openjdk-amd64/jre/lib/resources.jar
7fcabab90000-7fcabab97000 r--s 00000000 fc:02 4458955                    /usr/lib/x86_64-linux-gnu/gconv/gconv-modules.cache
7fcabab97000-7fcabab9c000 r-xp 00000000 fc:02 4203289                    /usr/lib/x86_64-linux-gnu/libXdmcp.so.6.0.0
7fcabab9c000-7fcabad9b000 ---p 00005000 fc:02 4203289                    /usr/lib/x86_64-linux-gnu/libXdmcp.so.6.0.0
7fcabad9b000-7fcabad9c000 r--p 00004000 fc:02 4203289                    /usr/lib/x86_64-linux-gnu/libXdmcp.so.6.0.0
7fcabad9c000-7fcabad9d000 rw-p 00005000 fc:02 4203289                    /usr/lib/x86_64-linux-gnu/libXdmcp.so.6.0.0
7fcabad9d000-7fcabad9f000 r-xp 00000000 fc:02 4203278                    /usr/lib/x86_64-linux-gnu/libXau.so.6.0.0
7fcabad9f000-7fcabaf9f000 ---p 00002000 fc:02 4203278                    /usr/lib/x86_64-linux-gnu/libXau.so.6.0.0
7fcabaf9f000-7fcabafa0000 r--p 00002000 fc:02 4203278                    /usr/lib/x86_64-linux-gnu/libXau.so.6.0.0
7fcabafa0000-7fcabafa1000 rw-p 00003000 fc:02 4203278                    /usr/lib/x86_64-linux-gnu/libXau.so.6.0.0
7fcabafa1000-7fcabafc2000 r-xp 00000000 fc:02 4204627                    /usr/lib/x86_64-linux-gnu/libxcb.so.1.1.0
7fcabafc2000-7fcabb1c1000 ---p 00021000 fc:02 4204627                    /usr/lib/x86_64-linux-gnu/libxcb.so.1.1.0
7fcabb1c1000-7fcabb1c2000 r--p 00020000 fc:02 4204627                    /usr/lib/x86_64-linux-gnu/libxcb.so.1.1.0
7fcabb1c2000-7fcabb1c3000 rw-p 00021000 fc:02 4204627                    /usr/lib/x86_64-linux-gnu/libxcb.so.1.1.0
7fcabb1c3000-7fcabb1d2000 r-xp 00000000 fc:02 4203299                    /usr/lib/x86_64-linux-gnu/libXi.so.6.1.0
7fcabb1d2000-7fcabb3d1000 ---p 0000f000 fc:02 4203299                    /usr/lib/x86_64-linux-gnu/libXi.so.6.1.0
7fcabb3d1000-7fcabb3d2000 r--p 0000e000 fc:02 4203299                    /usr/lib/x86_64-linux-gnu/libXi.so.6.1.0
7fcabb3d2000-7fcabb3d3000 rw-p 0000f000 fc:02 4203299                    /usr/lib/x86_64-linux-gnu/libXi.so.6.1.0
7fcabb3d3000-7fcabb3d8000 r-xp 00000000 fc:02 4203317                    /usr/lib/x86_64-linux-gnu/libXtst.so.6.1.0
7fcabb3d8000-7fcabb5d7000 ---p 00005000 fc:02 4203317                    /usr/lib/x86_64-linux-gnu/libXtst.so.6.1.0
7fcabb5d7000-7fcabb5d8000 r--p 00004000 fc:02 4203317                    /usr/lib/x86_64-linux-gnu/libXtst.so.6.1.0
7fcabb5d8000-7fcabb5d9000 rw-p 00005000 fc:02 4203317                    /usr/lib/x86_64-linux-gnu/libXtst.so.6.1.0
7fcabb5d9000-7fcabb5e2000 r-xp 00000000 fc:02 4203311                    /usr/lib/x86_64-linux-gnu/libXrender.so.1.3.0
7fcabb5e2000-7fcabb7e1000 ---p 00009000 fc:02 4203311                    /usr/lib/x86_64-linux-gnu/libXrender.so.1.3.0
7fcabb7e1000-7fcabb7e2000 r--p 00008000 fc:02 4203311                    /usr/lib/x86_64-linux-gnu/libXrender.so.1.3.0
7fcabb7e2000-7fcabb7e3000 rw-p 00009000 fc:02 4203311                    /usr/lib/x86_64-linux-gnu/libXrender.so.1.3.0
7fcabb7e3000-7fcabb918000 r-xp 00000000 fc:02 4203274                    /usr/lib/x86_64-linux-gnu/libX11.so.6.3.0
7fcabb918000-7fcabbb18000 ---p 00135000 fc:02 4203274                    /usr/lib/x86_64-linux-gnu/libX11.so.6.3.0
7fcabbb18000-7fcabbb19000 r--p 00135000 fc:02 4203274                    /usr/lib/x86_64-linux-gnu/libX11.so.6.3.0
7fcabbb19000-7fcabbb1d000 rw-p 00136000 fc:02 4203274                    /usr/lib/x86_64-linux-gnu/libX11.so.6.3.0
7fcabbb1d000-7fcabbb2e000 r-xp 00000000 fc:02 4203291                    /usr/lib/x86_64-linux-gnu/libXext.so.6.4.0
7fcabbb2e000-7fcabbd2d000 ---p 00011000 fc:02 4203291                    /usr/lib/x86_64-linux-gnu/libXext.so.6.4.0
7fcabbd2d000-7fcabbd2e000 r--p 00010000 fc:02 4203291                    /usr/lib/x86_64-linux-gnu/libXext.so.6.4.0
7fcabbd2e000-7fcabbd2f000 rw-p 00011000 fc:02 4203291                    /usr/lib/x86_64-linux-gnu/libXext.so.6.4.0
7fcabbd2f000-7fcabbdcf000 r-xp 00000000 fc:02 4329756                    /usr/lib/jvm/java-8-openjdk-amd64/jre/lib/amd64/libawt.so
7fcabbdcf000-7fcabbfcf000 ---p 000a0000 fc:02 4329756                    /usr/lib/jvm/java-8-openjdk-amd64/jre/lib/amd64/libawt.so
7fcabbfcf000-7fcabbfd0000 r--p 000a0000 fc:02 4329756                    /usr/lib/jvm/java-8-openjdk-amd64/jre/lib/amd64/libawt.so
7fcabbfd0000-7fcabbfdb000 rw-p 000a1000 fc:02 4329756                    /usr/lib/jvm/java-8-openjdk-amd64/jre/lib/amd64/libawt.so
7fcabbfdb000-7fcabc000000 rw-p 00000000 00:00 0 
7fcabc000000-7fcabc5f8000 rw-p 00000000 00:00 0 
7fcabc5f8000-7fcac0000000 ---p 00000000 00:00 0 
7fcac0000000-7fcac0021000 rw-p 00000000 00:00 0 
7fcac0021000-7fcac4000000 ---p 00000000 00:00 0 
7fcac4000000-7fcac48cf000 rw-p 00000000 00:00 0 
7fcac48cf000-7fcac8000000 ---p 00000000 00:00 0 
7fcac8000000-7fcac87e2000 rw-p 00000000 00:00 0 
7fcac87e2000-7fcacc000000 ---p 00000000 00:00 0 
7fcacc000000-7fcacc021000 rw-p 00000000 00:00 0 
7fcacc021000-7fcad0000000 ---p 00000000 00:00 0 
7fcad0000000-7fcad0021000 rw-p 00000000 00:00 0 
7fcad0021000-7fcad4000000 ---p 00000000 00:00 0 
7fcad4000000-7fcad4041000 rw-p 00000000 00:00 0 
7fcad4041000-7fcad8000000 ---p 00000000 00:00 0 
7fcad8000000-7fcad8021000 rw-p 00000000 00:00 0 
7fcad8021000-7fcadc000000 ---p 00000000 00:00 0 
7fcadc000000-7fcadc021000 rw-p 00000000 00:00 0 
7fcadc021000-7fcae0000000 ---p 00000000 00:00 0 
7fcae0000000-7fcae0021000 rw-p 00000000 00:00 0 
7fcae0021000-7fcae4000000 ---p 00000000 00:00 0 
7fcae4000000-7fcae4021000 rw-p 00000000 00:00 0 
7fcae4021000-7fcae8000000 ---p 00000000 00:00 0 
7fcae8000000-7fcae8026000 r--p 00000000 fc:02 4853048                    /usr/share/locale-langpack/fr/LC_MESSAGES/libc.mo
7fcae8026000-7fcae807a000 r-xp 00000000 fc:02 4329725                    /usr/lib/jvm/java-8-openjdk-amd64/jre/lib/amd64/libawt_xawt.so
7fcae807a000-7fcae827a000 ---p 00054000 fc:02 4329725                    /usr/lib/jvm/java-8-openjdk-amd64/jre/lib/amd64/libawt_xawt.so
7fcae827a000-7fcae827b000 r--p 00054000 fc:02 4329725                    /usr/lib/jvm/java-8-openjdk-amd64/jre/lib/amd64/libawt_xawt.so
7fcae827b000-7fcae827e000 rw-p 00055000 fc:02 4329725                    /usr/lib/jvm/java-8-openjdk-amd64/jre/lib/amd64/libawt_xawt.so
7fcae827e000-7fcae827f000 rw-p 00000000 00:00 0 
7fcae827f000-7fcae829a000 r--s 001d7000 fc:02 4330456                    /usr/lib/jvm/java-8-openjdk-amd64/jre/lib/ext/nashorn.jar
7fcae829a000-7fcae82b6000 r--s 00393000 fc:02 4329781                    /usr/lib/jvm/java-8-openjdk-amd64/jre/lib/ext/cldrdata.jar
7fcae82b6000-7fcae82b7000 ---p 00000000 00:00 0 
7fcae82b7000-7fcae83b7000 rw-p 00000000 00:00 0 
7fcae83b7000-7fcae83ba000 ---p 00000000 00:00 0 
7fcae83ba000-7fcae84b8000 rw-p 00000000 00:00 0 
7fcae84b8000-7fcae84bb000 ---p 00000000 00:00 0 
7fcae84bb000-7fcae85b9000 rw-p 00000000 00:00 0 
7fcae85b9000-7fcae85bc000 ---p 00000000 00:00 0 
7fcae85bc000-7fcae86ba000 rw-p 00000000 00:00 0 
7fcae86ba000-7fcae86bd000 ---p 00000000 00:00 0 
7fcae86bd000-7fcae87bb000 rw-p 00000000 00:00 0 
7fcae87bb000-7fcae87be000 ---p 00000000 00:00 0 
7fcae87be000-7fcae88bc000 rw-p 00000000 00:00 0 
7fcae88bc000-7fcae8fc1000 r--p 00000000 fc:02 4202429                    /usr/lib/locale/locale-archive
7fcae8fc1000-7fcae8fc4000 ---p 00000000 00:00 0 
7fcae8fc4000-7fcae90c2000 rw-p 00000000 00:00 0 
7fcae90c2000-7fcae90c5000 ---p 00000000 00:00 0 
7fcae90c5000-7fcae91c3000 rw-p 00000000 00:00 0 
7fcae91c3000-7fcae91c4000 ---p 00000000 00:00 0 
7fcae91c4000-7fcaea1d3000 rw-p 00000000 00:00 0 
7fcaea1d3000-7fcaea3a0000 r--s 03be7000 fc:02 4329775                    /usr/lib/jvm/java-8-openjdk-amd64/jre/lib/rt.jar
7fcaea3a0000-7fcaec000000 rw-p 00000000 00:00 0 
7fcaec000000-7fcaec021000 rw-p 00000000 00:00 0 
7fcaec021000-7fcaf0000000 ---p 00000000 00:00 0 
7fcaf0003000-7fcaf000d000 r--s 00116000 fc:02 4330454                    /usr/lib/jvm/java-8-openjdk-amd64/jre/lib/ext/localedata.jar
7fcaf000d000-7fcaf0acd000 rw-p 00000000 00:00 0 
7fcaf0acd000-7fcaf0ace000 ---p 00000000 00:00 0 
7fcaf0ace000-7fcaf0bce000 rw-p 00000000 00:00 0 
7fcaf0bce000-7fcaf0bcf000 ---p 00000000 00:00 0 
7fcaf0bcf000-7fcaf0ccf000 rw-p 00000000 00:00 0 
7fcaf0ccf000-7fcaf0cd0000 ---p 00000000 00:00 0 
7fcaf0cd0000-7fcaf0dd0000 rw-p 00000000 00:00 0 
7fcaf0dd0000-7fcaf0dd1000 ---p 00000000 00:00 0 
7fcaf0dd1000-7fcaf0ee5000 rw-p 00000000 00:00 0 
7fcaf0ee5000-7fcaf1000000 ---p 00000000 00:00 0 
7fcaf1000000-7fcaf16f0000 rwxp 00000000 00:00 0 
7fcaf16f0000-7fcb00000000 ---p 00000000 00:00 0 
7fcb00000000-7fcb0037c000 rw-p 00000000 00:00 0 
7fcb0037c000-7fcb04000000 ---p 00000000 00:00 0 
7fcb04003000-7fcb04005000 r--s 00001000 fc:02 4330455                    /usr/lib/jvm/java-8-openjdk-amd64/jre/lib/ext/dnsns.jar
7fcb04005000-7fcb04006000 r--s 00010000 fc:02 4329778                    /usr/lib/jvm/java-8-openjdk-amd64/jre/lib/ext/zipfs.jar
7fcb04006000-7fcb04007000 r--s 00008000 fc:02 4330453                    /usr/lib/jvm/java-8-openjdk-amd64/jre/lib/ext/sunec.jar
7fcb04007000-7fcb0400a000 r--s 0000f000 fc:02 4329777                    /usr/lib/jvm/java-8-openjdk-amd64/jre/lib/ext/icedtea-sound.jar
7fcb0400a000-7fcb0403f000 rw-p 00000000 00:00 0 
7fcb0403f000-7fcb04159000 ---p 00000000 00:00 0 
7fcb04159000-7fcb04164000 rw-p 00000000 00:00 0 
7fcb04164000-7fcb041f1000 ---p 00000000 00:00 0 
7fcb041f1000-7fcb0420e000 rw-p 00000000 00:00 0 
7fcb0420e000-7fcb045b2000 ---p 00000000 00:00 0 
7fcb045b2000-7fcb045ba000 r-xp 00000000 fc:02 4329751                    /usr/lib/jvm/java-8-openjdk-amd64/jre/lib/amd64/libzip.so
7fcb045ba000-7fcb047b9000 ---p 00008000 fc:02 4329751                    /usr/lib/jvm/java-8-openjdk-amd64/jre/lib/amd64/libzip.so
7fcb047b9000-7fcb047ba000 r--p 00007000 fc:02 4329751                    /usr/lib/jvm/java-8-openjdk-amd64/jre/lib/amd64/libzip.so
7fcb047ba000-7fcb047bb000 rw-p 00008000 fc:02 4329751                    /usr/lib/jvm/java-8-openjdk-amd64/jre/lib/amd64/libzip.so
7fcb047bb000-7fcb047c6000 r-xp 00000000 fc:02 2101777                    /lib/x86_64-linux-gnu/libnss_files-2.23.so
7fcb047c6000-7fcb049c5000 ---p 0000b000 fc:02 2101777                    /lib/x86_64-linux-gnu/libnss_files-2.23.so
7fcb049c5000-7fcb049c6000 r--p 0000a000 fc:02 2101777                    /lib/x86_64-linux-gnu/libnss_files-2.23.so
7fcb049c6000-7fcb049c7000 rw-p 0000b000 fc:02 2101777                    /lib/x86_64-linux-gnu/libnss_files-2.23.so
7fcb049c7000-7fcb049cd000 rw-p 00000000 00:00 0 
7fcb049cd000-7fcb049d8000 r-xp 00000000 fc:02 2101788                    /lib/x86_64-linux-gnu/libnss_nis-2.23.so
7fcb049d8000-7fcb04bd7000 ---p 0000b000 fc:02 2101788                    /lib/x86_64-linux-gnu/libnss_nis-2.23.so
7fcb04bd7000-7fcb04bd8000 r--p 0000a000 fc:02 2101788                    /lib/x86_64-linux-gnu/libnss_nis-2.23.so
7fcb04bd8000-7fcb04bd9000 rw-p 0000b000 fc:02 2101788                    /lib/x86_64-linux-gnu/libnss_nis-2.23.so
7fcb04bd9000-7fcb04bef000 r-xp 00000000 fc:02 2101771                    /lib/x86_64-linux-gnu/libnsl-2.23.so
7fcb04bef000-7fcb04dee000 ---p 00016000 fc:02 2101771                    /lib/x86_64-linux-gnu/libnsl-2.23.so
7fcb04dee000-7fcb04def000 r--p 00015000 fc:02 2101771                    /lib/x86_64-linux-gnu/libnsl-2.23.so
7fcb04def000-7fcb04df0000 rw-p 00016000 fc:02 2101771                    /lib/x86_64-linux-gnu/libnsl-2.23.so
7fcb04df0000-7fcb04df2000 rw-p 00000000 00:00 0 
7fcb04df2000-7fcb04dfa000 r-xp 00000000 fc:02 2101773                    /lib/x86_64-linux-gnu/libnss_compat-2.23.so
7fcb04dfa000-7fcb04ff9000 ---p 00008000 fc:02 2101773                    /lib/x86_64-linux-gnu/libnss_compat-2.23.so
7fcb04ff9000-7fcb04ffa000 r--p 00007000 fc:02 2101773                    /lib/x86_64-linux-gnu/libnss_compat-2.23.so
7fcb04ffa000-7fcb04ffb000 rw-p 00008000 fc:02 2101773                    /lib/x86_64-linux-gnu/libnss_compat-2.23.so
7fcb04ffb000-7fcb05028000 r-xp 00000000 fc:02 4329736                    /usr/lib/jvm/java-8-openjdk-amd64/jre/lib/amd64/libjava.so
7fcb05028000-7fcb05227000 ---p 0002d000 fc:02 4329736                    /usr/lib/jvm/java-8-openjdk-amd64/jre/lib/amd64/libjava.so
7fcb05227000-7fcb05228000 r--p 0002c000 fc:02 4329736                    /usr/lib/jvm/java-8-openjdk-amd64/jre/lib/amd64/libjava.so
7fcb05228000-7fcb0522a000 rw-p 0002d000 fc:02 4329736                    /usr/lib/jvm/java-8-openjdk-amd64/jre/lib/amd64/libjava.so
7fcb0522a000-7fcb05239000 r-xp 00000000 fc:02 4329728                    /usr/lib/jvm/java-8-openjdk-amd64/jre/lib/amd64/libverify.so
7fcb05239000-7fcb05438000 ---p 0000f000 fc:02 4329728                    /usr/lib/jvm/java-8-openjdk-amd64/jre/lib/amd64/libverify.so
7fcb05438000-7fcb0543a000 r--p 0000e000 fc:02 4329728                    /usr/lib/jvm/java-8-openjdk-amd64/jre/lib/amd64/libverify.so
7fcb0543a000-7fcb0543b000 rw-p 00010000 fc:02 4329728                    /usr/lib/jvm/java-8-openjdk-amd64/jre/lib/amd64/libverify.so
7fcb0543b000-7fcb05442000 r-xp 00000000 fc:02 2101833                    /lib/x86_64-linux-gnu/librt-2.23.so
7fcb05442000-7fcb05641000 ---p 00007000 fc:02 2101833                    /lib/x86_64-linux-gnu/librt-2.23.so
7fcb05641000-7fcb05642000 r--p 00006000 fc:02 2101833                    /lib/x86_64-linux-gnu/librt-2.23.so
7fcb05642000-7fcb05643000 rw-p 00007000 fc:02 2101833                    /lib/x86_64-linux-gnu/librt-2.23.so
7fcb05643000-7fcb05659000 r-xp 00000000 fc:02 2101718                    /lib/x86_64-linux-gnu/libgcc_s.so.1
7fcb05659000-7fcb05858000 ---p 00016000 fc:02 2101718                    /lib/x86_64-linux-gnu/libgcc_s.so.1
7fcb05858000-7fcb05859000 rw-p 00015000 fc:02 2101718                    /lib/x86_64-linux-gnu/libgcc_s.so.1
7fcb05859000-7fcb05961000 r-xp 00000000 fc:02 2101750                    /lib/x86_64-linux-gnu/libm-2.23.so
7fcb05961000-7fcb05b60000 ---p 00108000 fc:02 2101750                    /lib/x86_64-linux-gnu/libm-2.23.so
7fcb05b60000-7fcb05b61000 r--p 00107000 fc:02 2101750                    /lib/x86_64-linux-gnu/libm-2.23.so
7fcb05b61000-7fcb05b62000 rw-p 00108000 fc:02 2101750                    /lib/x86_64-linux-gnu/libm-2.23.so
7fcb05b62000-7fcb05cd4000 r-xp 00000000 fc:02 4196488                    /usr/lib/x86_64-linux-gnu/libstdc++.so.6.0.21
7fcb05cd4000-7fcb05ed4000 ---p 00172000 fc:02 4196488                    /usr/lib/x86_64-linux-gnu/libstdc++.so.6.0.21
7fcb05ed4000-7fcb05ede000 r--p 00172000 fc:02 4196488                    /usr/lib/x86_64-linux-gnu/libstdc++.so.6.0.21
7fcb05ede000-7fcb05ee0000 rw-p 0017c000 fc:02 4196488                    /usr/lib/x86_64-linux-gnu/libstdc++.so.6.0.21
7fcb05ee0000-7fcb05ee4000 rw-p 00000000 00:00 0 
7fcb05ee4000-7fcb06b2a000 r-xp 00000000 fc:02 4329749                    /usr/lib/jvm/java-8-openjdk-amd64/jre/lib/amd64/server/libjvm.so
7fcb06b2a000-7fcb06d29000 ---p 00c46000 fc:02 4329749                    /usr/lib/jvm/java-8-openjdk-amd64/jre/lib/amd64/server/libjvm.so
7fcb06d29000-7fcb06dbc000 r--p 00c45000 fc:02 4329749                    /usr/lib/jvm/java-8-openjdk-amd64/jre/lib/amd64/server/libjvm.so
7fcb06dbc000-7fcb06de4000 rw-p 00cd8000 fc:02 4329749                    /usr/lib/jvm/java-8-openjdk-amd64/jre/lib/amd64/server/libjvm.so
7fcb06de4000-7fcb06e14000 rw-p 00000000 00:00 0 
7fcb06e14000-7fcb06e2c000 r-xp 00000000 fc:02 2101825                    /lib/x86_64-linux-gnu/libpthread-2.23.so
7fcb06e2c000-7fcb0702b000 ---p 00018000 fc:02 2101825                    /lib/x86_64-linux-gnu/libpthread-2.23.so
7fcb0702b000-7fcb0702c000 r--p 00017000 fc:02 2101825                    /lib/x86_64-linux-gnu/libpthread-2.23.so
7fcb0702c000-7fcb0702d000 rw-p 00018000 fc:02 2101825                    /lib/x86_64-linux-gnu/libpthread-2.23.so
7fcb0702d000-7fcb07031000 rw-p 00000000 00:00 0 
7fcb07031000-7fcb07034000 r-xp 00000000 fc:02 2101704                    /lib/x86_64-linux-gnu/libdl-2.23.so
7fcb07034000-7fcb07233000 ---p 00003000 fc:02 2101704                    /lib/x86_64-linux-gnu/libdl-2.23.so
7fcb07233000-7fcb07234000 r--p 00002000 fc:02 2101704                    /lib/x86_64-linux-gnu/libdl-2.23.so
7fcb07234000-7fcb07235000 rw-p 00003000 fc:02 2101704                    /lib/x86_64-linux-gnu/libdl-2.23.so
7fcb07235000-7fcb0724e000 r-xp 00000000 fc:02 2101869                    /lib/x86_64-linux-gnu/libz.so.1.2.8
7fcb0724e000-7fcb0744d000 ---p 00019000 fc:02 2101869                    /lib/x86_64-linux-gnu/libz.so.1.2.8
7fcb0744d000-7fcb0744e000 r--p 00018000 fc:02 2101869                    /lib/x86_64-linux-gnu/libz.so.1.2.8
7fcb0744e000-7fcb0744f000 rw-p 00019000 fc:02 2101869                    /lib/x86_64-linux-gnu/libz.so.1.2.8
7fcb0744f000-7fcb0760f000 r-xp 00000000 fc:02 2101682                    /lib/x86_64-linux-gnu/libc-2.23.so
7fcb0760f000-7fcb0780e000 ---p 001c0000 fc:02 2101682                    /lib/x86_64-linux-gnu/libc-2.23.so
7fcb0780e000-7fcb07812000 r--p 001bf000 fc:02 2101682                    /lib/x86_64-linux-gnu/libc-2.23.so
7fcb07812000-7fcb07814000 rw-p 001c3000 fc:02 2101682                    /lib/x86_64-linux-gnu/libc-2.23.so
7fcb07814000-7fcb07818000 rw-p 00000000 00:00 0 
7fcb07818000-7fcb07825000 r-xp 00000000 fc:02 4329723                    /usr/lib/jvm/java-8-openjdk-amd64/jre/lib/amd64/jli/libjli.so
7fcb07825000-7fcb07a25000 ---p 0000d000 fc:02 4329723                    /usr/lib/jvm/java-8-openjdk-amd64/jre/lib/amd64/jli/libjli.so
7fcb07a25000-7fcb07a26000 r--p 0000d000 fc:02 4329723                    /usr/lib/jvm/java-8-openjdk-amd64/jre/lib/amd64/jli/libjli.so
7fcb07a26000-7fcb07a27000 rw-p 0000e000 fc:02 4329723                    /usr/lib/jvm/java-8-openjdk-amd64/jre/lib/amd64/jli/libjli.so
7fcb07a27000-7fcb07a4d000 r-xp 00000000 fc:02 2101654                    /lib/x86_64-linux-gnu/ld-2.23.so
7fcb07a4d000-7fcb07a53000 r--s 0003a000 fc:02 4329780                    /usr/lib/jvm/java-8-openjdk-amd64/jre/lib/ext/sunjce_provider.jar
7fcb07a53000-7fcb07b23000 rw-p 00000000 00:00 0 
7fcb07b23000-7fcb07b26000 ---p 00000000 00:00 0 
7fcb07b26000-7fcb07c29000 rw-p 00000000 00:00 0 
7fcb07c29000-7fcb07c2a000 r--s 0000a000 fc:02 4329779                    /usr/lib/jvm/java-8-openjdk-amd64/jre/lib/ext/jaccess.jar
7fcb07c2a000-7fcb07c2e000 r--s 00037000 fc:02 4330457                    /usr/lib/jvm/java-8-openjdk-amd64/jre/lib/ext/sunpkcs11.jar
7fcb07c2e000-7fcb07c40000 rw-p 00000000 00:00 0 
7fcb07c40000-7fcb07c48000 rw-s 00000000 fc:02 8784119                    /tmp/hsperfdata_dorian/24866
7fcb07c48000-7fcb07c49000 rw-p 00000000 00:00 0 
7fcb07c49000-7fcb07c4a000 r--p 00000000 00:00 0 
7fcb07c4a000-7fcb07c4c000 rw-p 00000000 00:00 0 
7fcb07c4c000-7fcb07c4d000 r--p 00025000 fc:02 2101654                    /lib/x86_64-linux-gnu/ld-2.23.so
7fcb07c4d000-7fcb07c4e000 rw-p 00026000 fc:02 2101654                    /lib/x86_64-linux-gnu/ld-2.23.so
7fcb07c4e000-7fcb07c4f000 rw-p 00000000 00:00 0 
7fff49c65000-7fff49c86000 rw-p 00000000 00:00 0                          [stack]
7fff49ca1000-7fff49ca3000 r--p 00000000 00:00 0                          [vvar]
7fff49ca3000-7fff49ca5000 r-xp 00000000 00:00 0                          [vdso]
ffffffffff600000-ffffffffff601000 r-xp 00000000 00:00 0                  [vsyscall]

VM Arguments:
jvm_args: -Dfile.encoding=UTF8 
java_command: Main
java_class_path (initial): ../class
Launcher Type: SUN_STANDARD

Environment Variables:
PATH=/usr/local/sbin:/usr/local/bin:/usr/sbin:/usr/bin:/sbin:/bin:/usr/games:/usr/local/games:/snap/bin
USERNAME=dorian
SHELL=/bin/bash
DISPLAY=:0

Signal Handlers:
SIGSEGV: [libjvm.so+0xa5e090], sa_mask[0]=11111111011111111101111111111110, sa_flags=SA_RESTART|SA_SIGINFO
SIGBUS: [libjvm.so+0xa5e090], sa_mask[0]=11111111011111111101111111111110, sa_flags=SA_RESTART|SA_SIGINFO
SIGFPE: [libjvm.so+0x8a9800], sa_mask[0]=11111111011111111101111111111110, sa_flags=SA_RESTART|SA_SIGINFO
SIGPIPE: [libjvm.so+0x8a9800], sa_mask[0]=11111111011111111101111111111110, sa_flags=SA_RESTART|SA_SIGINFO
SIGXFSZ: [libjvm.so+0x8a9800], sa_mask[0]=11111111011111111101111111111110, sa_flags=SA_RESTART|SA_SIGINFO
SIGILL: [libjvm.so+0x8a9800], sa_mask[0]=11111111011111111101111111111110, sa_flags=SA_RESTART|SA_SIGINFO
SIGUSR1: SIG_DFL, sa_mask[0]=00000000000000000000000000000000, sa_flags=none
SIGUSR2: [libjvm.so+0x8a96b0], sa_mask[0]=00000000000000000000000000000000, sa_flags=SA_RESTART|SA_SIGINFO
SIGHUP: [libjvm.so+0x8a9b80], sa_mask[0]=11111111011111111101111111111110, sa_flags=SA_RESTART|SA_SIGINFO
SIGINT: [libjvm.so+0x8a9b80], sa_mask[0]=11111111011111111101111111111110, sa_flags=SA_RESTART|SA_SIGINFO
SIGTERM: [libjvm.so+0x8a9b80], sa_mask[0]=11111111011111111101111111111110, sa_flags=SA_RESTART|SA_SIGINFO
SIGQUIT: [libjvm.so+0x8a9b80], sa_mask[0]=11111111011111111101111111111110, sa_flags=SA_RESTART|SA_SIGINFO


---------------  S Y S T E M  ---------------

OS:DISTRIB_ID=Ubuntu
DISTRIB_RELEASE=16.04
DISTRIB_CODENAME=xenial
DISTRIB_DESCRIPTION="Ubuntu 16.04 LTS"

uname:Linux 4.4.0-22-generic #40-Ubuntu SMP Thu May 12 22:03:46 UTC 2016 x86_64
libc:glibc 2.23 NPTL 2.23 
rlimit: STACK 8192k, CORE 0k, NPROC 14344, NOFILE 65536, AS infinity
load average:1,36 1,08 0,79

/proc/meminfo:
MemTotal:        3713288 kB
MemFree:         1437260 kB
MemAvailable:    1865888 kB
Buffers:           30056 kB
Cached:           652396 kB
SwapCached:         9192 kB
Active:          1456292 kB
Inactive:         608880 kB
Active(anon):    1259300 kB
Inactive(anon):   443476 kB
Active(file):     196992 kB
Inactive(file):   165404 kB
Unevictable:           0 kB
Mlocked:               0 kB
SwapTotal:       2047996 kB
SwapFree:        1735416 kB
Dirty:                56 kB
Writeback:             0 kB
AnonPages:       1346604 kB
Mapped:           181876 kB
Shmem:            319600 kB
Slab:             136532 kB
SReclaimable:      94696 kB
SUnreclaim:        41836 kB
KernelStack:        7920 kB
PageTables:        18516 kB
NFS_Unstable:          0 kB
Bounce:                0 kB
WritebackTmp:          0 kB
CommitLimit:     3904640 kB
Committed_AS:    7538052 kB
VmallocTotal:   34359738367 kB
VmallocUsed:           0 kB
VmallocChunk:          0 kB
HardwareCorrupted:     0 kB
AnonHugePages:    200704 kB
CmaTotal:              0 kB
CmaFree:               0 kB
HugePages_Total:       0
HugePages_Free:        0
HugePages_Rsvd:        0
HugePages_Surp:        0
Hugepagesize:       2048 kB
DirectMap4k:      318560 kB
DirectMap2M:     3538944 kB


CPU:total 4 (2 cores per cpu, 2 threads per core) family 6 model 37 stepping 5, cmov, cx8, fxsr, mmx, sse, sse2, sse3, ssse3, sse4.1, sse4.2, popcnt, ht, tsc, tscinvbit

/proc/cpuinfo:
processor	: 0
vendor_id	: GenuineIntel
cpu family	: 6
model		: 37
model name	: Intel(R) Core(TM) i3 CPU       M 380  @ 2.53GHz
stepping	: 5
microcode	: 0x4
cpu MHz		: 2533.000
cache size	: 3072 KB
physical id	: 0
siblings	: 4
core id		: 0
cpu cores	: 2
apicid		: 0
initial apicid	: 0
fpu		: yes
fpu_exception	: yes
cpuid level	: 11
wp		: yes
flags		: fpu vme de pse tsc msr pae mce cx8 apic sep mtrr pge mca cmov pat pse36 clflush dts acpi mmx fxsr sse sse2 ss ht tm pbe syscall nx rdtscp lm constant_tsc arch_perfmon pebs bts rep_good nopl xtopology nonstop_tsc aperfmperf pni dtes64 monitor ds_cpl vmx est tm2 ssse3 cx16 xtpr pdcm pcid sse4_1 sse4_2 popcnt lahf_lm tpr_shadow vnmi flexpriority ept vpid dtherm arat
bugs		:
bogomips	: 5054.75
clflush size	: 64
cache_alignment	: 64
address sizes	: 36 bits physical, 48 bits virtual
power management:

processor	: 1
vendor_id	: GenuineIntel
cpu family	: 6
model		: 37
model name	: Intel(R) Core(TM) i3 CPU       M 380  @ 2.53GHz
stepping	: 5
microcode	: 0x4
cpu MHz		: 2533.000
cache size	: 3072 KB
physical id	: 0
siblings	: 4
core id		: 0
cpu cores	: 2
apicid		: 1
initial apicid	: 1
fpu		: yes
fpu_exception	: yes
cpuid level	: 11
wp		: yes
flags		: fpu vme de pse tsc msr pae mce cx8 apic sep mtrr pge mca cmov pat pse36 clflush dts acpi mmx fxsr sse sse2 ss ht tm pbe syscall nx rdtscp lm constant_tsc arch_perfmon pebs bts rep_good nopl xtopology nonstop_tsc aperfmperf pni dtes64 monitor ds_cpl vmx est tm2 ssse3 cx16 xtpr pdcm pcid sse4_1 sse4_2 popcnt lahf_lm tpr_shadow vnmi flexpriority ept vpid dtherm arat
bugs		:
bogomips	: 5054.75
clflush size	: 64
cache_alignment	: 64
address sizes	: 36 bits physical, 48 bits virtual
power management:

processor	: 2
vendor_id	: GenuineIntel
cpu family	: 6
model		: 37
model name	: Intel(R) Core(TM) i3 CPU       M 380  @ 2.53GHz
stepping	: 5
microcode	: 0x4
cpu MHz		: 2533.000
cache size	: 3072 KB
physical id	: 0
siblings	: 4
core id		: 2
cpu cores	: 2
apicid		: 4
initial apicid	: 4
fpu		: yes
fpu_exception	: yes
cpuid level	: 11
wp		: yes
flags		: fpu vme de pse tsc msr pae mce cx8 apic sep mtrr pge mca cmov pat pse36 clflush dts acpi mmx fxsr sse sse2 ss ht tm pbe syscall nx rdtscp lm constant_tsc arch_perfmon pebs bts rep_good nopl xtopology nonstop_tsc aperfmperf pni dtes64 monitor ds_cpl vmx est tm2 ssse3 cx16 xtpr pdcm pcid sse4_1 sse4_2 popcnt lahf_lm tpr_shadow vnmi flexpriority ept vpid dtherm arat
bugs		:
bogomips	: 5054.75
clflush size	: 64
cache_alignment	: 64
address sizes	: 36 bits physical, 48 bits virtual
power management:

processor	: 3
vendor_id	: GenuineIntel
cpu family	: 6
model		: 37
model name	: Intel(R) Core(TM) i3 CPU       M 380  @ 2.53GHz
stepping	: 5
microcode	: 0x4
cpu MHz		: 2533.000
cache size	: 3072 KB
physical id	: 0
siblings	: 4
core id		: 2
cpu cores	: 2
apicid		: 5
initial apicid	: 5
fpu		: yes
fpu_exception	: yes
cpuid level	: 11
wp		: yes
flags		: fpu vme de pse tsc msr pae mce cx8 apic sep mtrr pge mca cmov pat pse36 clflush dts acpi mmx fxsr sse sse2 ss ht tm pbe syscall nx rdtscp lm constant_tsc arch_perfmon pebs bts rep_good nopl xtopology nonstop_tsc aperfmperf pni dtes64 monitor ds_cpl vmx est tm2 ssse3 cx16 xtpr pdcm pcid sse4_1 sse4_2 popcnt lahf_lm tpr_shadow vnmi flexpriority ept vpid dtherm arat
bugs		:
bogomips	: 5054.75
clflush size	: 64
cache_alignment	: 64
address sizes	: 36 bits physical, 48 bits virtual
power management:



Memory: 4k page, physical 3713288k(1462872k free), swap 2047996k(1737676k free)

vm_info: OpenJDK 64-Bit Server VM (25.91-b14) for linux-amd64 JRE (1.8.0_91-8u91-b14-0ubuntu4~16.04.1-b14), built on Apr 23 2016 07:03:54 by "buildd" with gcc 5.3.1 20160413

time: Tue Jun 14 21:01:48 2016
elapsed time: 21336 seconds (0d 5h 55m 36s)

