#
# A fatal error has been detected by the Java Runtime Environment:
#
#  SIGSEGV (0xb) at pc=0x00007f7aebfd80ba, pid=28288, tid=140165597652736
#
# JRE version: OpenJDK Runtime Environment (8.0_91-b14) (build 1.8.0_91-8u91-b14-0ubuntu4~16.04.1-b14)
# Java VM: OpenJDK 64-Bit Server VM (25.91-b14 mixed mode linux-amd64 compressed oops)
# Problematic frame:
# v  ~BufferBlob::jni_fast_GetLongField
#
# Failed to write core dump. Core dumps have been disabled. To enable core dumping, try "ulimit -c unlimited" before starting Java again
#
# If you would like to submit a bug report, please visit:
#   http://bugreport.java.com/bugreport/crash.jsp
# The crash happened outside the Java Virtual Machine in native code.
# See problematic frame for where to report the bug.
#

---------------  T H R E A D  ---------------

Current thread (0x00007f7afc289000):  JavaThread "AWT-XAWT" daemon [_thread_in_native, id=28304, stack(0x00007f7ad8986000,0x00007f7ad8a87000)]

siginfo: si_signo: 11 (SIGSEGV), si_code: 1 (SEGV_MAPERR), si_addr: 0x0000000000000000

Registers:
RAX=0x00007f7b01932e80, RBX=0x00007f7afc2891e0, RCX=0x0000000000000000, RDX=0x0000000000000042
RSP=0x00007f7ad8a85838, RBP=0x00007f7ad8a85860, RSI=0x0000000000000000, RDI=0x00007f7afc2891e0
R8 =0x00000000c7655848, R9 =0x0000000000000000, R10=0x0000000000000482, R11=0x00007f7aec6214d8
R12=0x00007f7a98036cf0, R13=0x0000000000000000, R14=0x00007f7adab14b00, R15=0x00007f7afc289000
RIP=0x00007f7aebfd80ba, EFLAGS=0x0000000000010246, CSGSFS=0x0000000000000033, ERR=0x0000000000000004
  TRAPNO=0x000000000000000e

Top of Stack: (sp=0x00007f7ad8a85838)
0x00007f7ad8a85838:   00007f7ada8f1f34 00007f7ae93ecab0
0x00007f7ad8a85848:   00007f7a98036cf0 00007f7ad8a85910
0x00007f7ad8a85858:   00007f7ad8a858e0 0000000000000000
0x00007f7ad8a85868:   00007f7ada3b33c0 00007f7ae93ecab0
0x00007f7ad8a85878:   00007f7ad8a858a0 0000000000000000
0x00007f7ad8a85888:   00007f7ada3aaf93 00007f7ad8a85910
0x00007f7ad8a85898:   00007f7ada8e9caf 00007f7ad8a858f0
0x00007f7ad8a858a8:   00007f7aec621576 0000000000000000
0x00007f7ad8a858b8:   00007f7aec35aab6 00007f7ad8a85910
0x00007f7ad8a858c8:   00007f7aec0f76ac 00000000c77d7548
0x00007f7ad8a858d8:   00007f7aec2deef4 00000000c7400450
0x00007f7ad8a858e8:   00000000c7413c68 00007f7ad8a85970
0x00007f7ad8a858f8:   00007f7aebf767d0 00007f7ad8a85970
0x00007f7ad8a85908:   00007f7aebf767d0 0000000000000000
0x00007f7ad8a85918:   00007f7aebf76b10 00007f7aac000e30
0x00007f7ad8a85928:   00000000c77d7548 00007f7ad8a85930
0x00007f7ad8a85938:   00007f7ae94e37b4 00007f7ad8a859b8
0x00007f7ad8a85948:   00007f7ae94ecf18 0000000000000000
0x00007f7ad8a85958:   00007f7ae94e38f0 00007f7ad8a85910
0x00007f7ad8a85968:   00007f7ad8a859b0 00007f7ad8a85a00
0x00007f7ad8a85978:   00007f7aebf76ffd 0000000000000000
0x00007f7ad8a85988:   00000000ed26cc48 0000000000000000
0x00007f7ad8a85998:   0000000000000000 0000000000000000
0x00007f7ad8a859a8:   00000000c77d7548 0000000000000000
0x00007f7ad8a859b8:   00000000c76bea28 00007f7ad8a859c0
0x00007f7ad8a859c8:   00007f7ae94e35f5 00007f7ad8a85a10
0x00007f7ad8a859d8:   00007f7ae94ecf18 0000000000000000
0x00007f7ad8a859e8:   00007f7ae94e3600 00007f7ad8a859b0
0x00007f7ad8a859f8:   00007f7ad8a85a10 00007f7ad8a85a58
0x00007f7ad8a85a08:   00007f7aebf77042 00000000c76bea28
0x00007f7ad8a85a18:   00007f7ad8a85a18 00007f7ae8feb8db
0x00007f7ad8a85a28:   00007f7ad8a85a68 00007f7ae9072dd8 

Instructions: (pc=0x00007f7aebfd80ba)
0x00007f7aebfd809a:   00 00 00 00 00 00 44 8b 15 2d 78 98 15 4c 8b ce
0x00007f7aebfd80aa:   41 f6 c2 01 0f 85 2e 00 00 00 4d 33 ca 4d 33 ca
0x00007f7aebfd80ba:   4d 8b 09 4c 8b da 49 c1 eb 02 4b 8b 04 19 49 bb
0x00007f7aebfd80ca:   d4 f8 95 01 7b 7f 00 00 4c 33 d8 4c 33 d8 45 3b 

Register to memory mapping:

RAX=0x00007f7b01932e80: <offset 0xee7e80> in /usr/lib/jvm/java-8-openjdk-amd64/jre/lib/amd64/server/libjvm.so at 0x00007f7b00a4b000
RBX=0x00007f7afc2891e0 is an unknown value
RCX=0x0000000000000000 is an unknown value
RDX=0x0000000000000042 is an unknown value
RSP=0x00007f7ad8a85838 is pointing into the stack for thread: 0x00007f7afc289000
RBP=0x00007f7ad8a85860 is pointing into the stack for thread: 0x00007f7afc289000
RSI=0x0000000000000000 is an unknown value
RDI=0x00007f7afc2891e0 is an unknown value
R8 =0x00000000c7655848 is an oop
sun.util.logging.PlatformLogger$Level 
 - klass: 'sun/util/logging/PlatformLogger$Level'
R9 =0x0000000000000000 is an unknown value
R10=0x0000000000000482 is an unknown value
R11=0x00007f7aec6214d8 is at entry_point+24 in (nmethod*)0x00007f7aec621350
R12=0x00007f7a98036cf0 is an unknown value
R13=0x0000000000000000 is an unknown value
R14=0x00007f7adab14b00: <offset 0x258b00> in /usr/lib/jvm/java-8-openjdk-amd64/jre/lib/amd64/libawt_xawt.so at 0x00007f7ada8bc000
R15=0x00007f7afc289000 is a thread


Stack: [0x00007f7ad8986000,0x00007f7ad8a87000],  sp=0x00007f7ad8a85838,  free space=1022k
Native frames: (J=compiled Java code, j=interpreted, Vv=VM code, C=native code)
v  ~BufferBlob::jni_fast_GetLongField
C  [libX11.so.6+0x643c0]  _XimServerDestroy+0x70

Java frames: (J=compiled Java code, j=interpreted, Vv=VM code)
J 2166  sun.awt.X11.XlibWrapper.XFilterEvent(JJ)Z (0 bytes) @ 0x00007f7aec621504 [0x00007f7aec6214c0+0x44]
j  sun.awt.X11.XToolkit.run(Z)V+300
j  sun.awt.X11.XToolkit.run()V+5
j  java.lang.Thread.run()V+11
v  ~StubRoutines::call_stub

---------------  P R O C E S S  ---------------

Java Threads: ( => current thread )
  0x00007f7afc00a000 JavaThread "DestroyJavaVM" [_thread_blocked, id=28289, stack(0x00007f7b0268a000,0x00007f7b0278b000)]
  0x00007f7afc353000 JavaThread "TimerQueue" daemon [_thread_blocked, id=28307, stack(0x00007f7aa7cfd000,0x00007f7aa7dfe000)]
  0x00007f7afc323000 JavaThread "AWT-EventQueue-0" [_thread_blocked, id=28306, stack(0x00007f7aa7dfe000,0x00007f7aa7eff000)]
  0x00007f7afc321000 JavaThread "AWT-Shutdown" [_thread_blocked, id=28305, stack(0x00007f7aa7eff000,0x00007f7aa8000000)]
=>0x00007f7afc289000 JavaThread "AWT-XAWT" daemon [_thread_in_native, id=28304, stack(0x00007f7ad8986000,0x00007f7ad8a87000)]
  0x00007f7afc261800 JavaThread "Java2D Disposer" daemon [_thread_blocked, id=28303, stack(0x00007f7ad8e97000,0x00007f7ad8f98000)]
  0x00007f7afc0c1000 JavaThread "Service Thread" daemon [_thread_blocked, id=28301, stack(0x00007f7adaef1000,0x00007f7adaff2000)]
  0x00007f7afc0b1800 JavaThread "C1 CompilerThread2" daemon [_thread_blocked, id=28300, stack(0x00007f7adaff2000,0x00007f7adb0f3000)]
  0x00007f7afc0b0000 JavaThread "C2 CompilerThread1" daemon [_thread_blocked, id=28299, stack(0x00007f7adb0f3000,0x00007f7adb1f4000)]
  0x00007f7afc0ad000 JavaThread "C2 CompilerThread0" daemon [_thread_blocked, id=28298, stack(0x00007f7adb1f4000,0x00007f7adb2f5000)]
  0x00007f7afc0ab000 JavaThread "Signal Dispatcher" daemon [_thread_in_vm, id=28297, stack(0x00007f7adb2f5000,0x00007f7adb3f6000)]
  0x00007f7afc083000 JavaThread "Finalizer" daemon [_thread_blocked, id=28296, stack(0x00007f7adbafb000,0x00007f7adbbfc000)]
  0x00007f7afc07e800 JavaThread "Reference Handler" daemon [_thread_blocked, id=28295, stack(0x00007f7adbbfc000,0x00007f7adbcfd000)]

Other Threads:
  0x00007f7afc077000 VMThread [stack: 0x00007f7adbcfd000,0x00007f7adbdfe000] [id=28294]
  0x00007f7afc0c3800 WatcherThread [stack: 0x00007f7adadf0000,0x00007f7adaef1000] [id=28302]

VM state:not at safepoint (normal execution)

VM Mutex/Monitor currently owned by a thread:  ([mutex/lock_event])
[0x00007f7afc006120] Threads_lock - owner thread: 0x00007f7afc0ab000

Heap:
 PSYoungGen      total 18432K, used 3676K [0x00000000ed180000, 0x00000000ee800000, 0x0000000100000000)
  eden space 13824K, 18% used [0x00000000ed180000,0x00000000ed4073d8,0x00000000edf00000)
  from space 4608K, 23% used [0x00000000ee380000,0x00000000ee490000,0x00000000ee800000)
  to   space 4608K, 0% used [0x00000000edf00000,0x00000000edf00000,0x00000000ee380000)
 ParOldGen       total 39936K, used 7542K [0x00000000c7400000, 0x00000000c9b00000, 0x00000000ed180000)
  object space 39936K, 18% used [0x00000000c7400000,0x00000000c7b5dae8,0x00000000c9b00000)
 Metaspace       used 15583K, capacity 15884K, committed 16256K, reserved 1062912K
  class space    used 1761K, capacity 1840K, committed 1920K, reserved 1048576K

Card table byte_map: [0x00007f7aeb9e8000,0x00007f7aebbaf000] byte_map_base: 0x00007f7aeb3ae000

Marking Bits: (ParMarkBitMap*) 0x00007f7b0195efc0
 Begin Bits: [0x00007f7ae9984000, 0x00007f7aea7b4000)
 End Bits:   [0x00007f7aea7b4000, 0x00007f7aeb5e4000)

Polling page: 0x00007f7b027b0000

CodeCache: size=245760Kb used=10146Kb max_used=10359Kb free=235613Kb
 bounds [0x00007f7aebf6f000, 0x00007f7aec9bf000, 0x00007f7afaf6f000]
 total_blobs=3365 nmethods=2790 adapters=487
 compilation: enabled

Compilation events (10 events):
Event: 716,999 Thread 0x00007f7afc0b1800 3578   !   3       sun.awt.X11.XToolkit$1::dispatchEvent (34 bytes)
Event: 717,000 Thread 0x00007f7afc0b1800 nmethod 3578 0x00007f7aec8c8850 code [0x00007f7aec8c8aa0, 0x00007f7aec8c98b8]
Event: 717,000 Thread 0x00007f7afc0b1800 3579       3       sun.awt.X11.XMSelection$1::dispatchEvent (10 bytes)
Event: 717,001 Thread 0x00007f7afc0b1800 nmethod 3579 0x00007f7aec48a6d0 code [0x00007f7aec48a880, 0x00007f7aec48acd8]
Event: 813,042 Thread 0x00007f7afc0b1800 3580       3       java.util.Vector::<init> (53 bytes)
Event: 813,043 Thread 0x00007f7afc0b1800 nmethod 3580 0x00007f7aec6bb1d0 code [0x00007f7aec6bb380, 0x00007f7aec6bb838]
Event: 1718,641 Thread 0x00007f7afc0ad000 3581       4       sun.awt.X11.XAnyEvent::get_window (20 bytes)
Event: 1718,644 Thread 0x00007f7afc0ad000 nmethod 3581 0x00007f7aec345390 code [0x00007f7aec345500, 0x00007f7aec3456b8]
Event: 11906,818 Thread 0x00007f7afc0b1800 3582       3       sun.awt.X11.XClientMessageEvent::get_message_type (20 bytes)
Event: 11906,819 Thread 0x00007f7afc0b1800 nmethod 3582 0x00007f7aec4dcc10 code [0x00007f7aec4dcda0, 0x00007f7aec4dd168]

GC Heap History (10 events):
Event: 77,010 GC heap before
{Heap before GC invocations=14 (full 0):
 PSYoungGen      total 18944K, used 13920K [0x00000000ed180000, 0x00000000ee900000, 0x0000000100000000)
  eden space 13824K, 100% used [0x00000000ed180000,0x00000000edf00000,0x00000000edf00000)
  from space 5120K, 1% used [0x00000000edf00000,0x00000000edf18000,0x00000000ee400000)
  to   space 5120K, 0% used [0x00000000ee400000,0x00000000ee400000,0x00000000ee900000)
 ParOldGen       total 39936K, used 6622K [0x00000000c7400000, 0x00000000c9b00000, 0x00000000ed180000)
  object space 39936K, 16% used [0x00000000c7400000,0x00000000c7a77ae8,0x00000000c9b00000)
 Metaspace       used 15330K, capacity 15594K, committed 16000K, reserved 1062912K
  class space    used 1754K, capacity 1833K, committed 1920K, reserved 1048576K
Event: 77,012 GC heap after
Heap after GC invocations=14 (full 0):
 PSYoungGen      total 18944K, used 64K [0x00000000ed180000, 0x00000000ee900000, 0x0000000100000000)
  eden space 13824K, 0% used [0x00000000ed180000,0x00000000ed180000,0x00000000edf00000)
  from space 5120K, 1% used [0x00000000ee400000,0x00000000ee410000,0x00000000ee900000)
  to   space 5120K, 0% used [0x00000000edf00000,0x00000000edf00000,0x00000000ee400000)
 ParOldGen       total 39936K, used 6638K [0x00000000c7400000, 0x00000000c9b00000, 0x00000000ed180000)
  object space 39936K, 16% used [0x00000000c7400000,0x00000000c7a7bae8,0x00000000c9b00000)
 Metaspace       used 15330K, capacity 15594K, committed 16000K, reserved 1062912K
  class space    used 1754K, capacity 1833K, committed 1920K, reserved 1048576K
}
Event: 179,599 GC heap before
{Heap before GC invocations=15 (full 0):
 PSYoungGen      total 18944K, used 13888K [0x00000000ed180000, 0x00000000ee900000, 0x0000000100000000)
  eden space 13824K, 100% used [0x00000000ed180000,0x00000000edf00000,0x00000000edf00000)
  from space 5120K, 1% used [0x00000000ee400000,0x00000000ee410000,0x00000000ee900000)
  to   space 5120K, 0% used [0x00000000edf00000,0x00000000edf00000,0x00000000ee400000)
 ParOldGen       total 39936K, used 6638K [0x00000000c7400000, 0x00000000c9b00000, 0x00000000ed180000)
  object space 39936K, 16% used [0x00000000c7400000,0x00000000c7a7bae8,0x00000000c9b00000)
 Metaspace       used 15451K, capacity 15728K, committed 16000K, reserved 1062912K
  class space    used 1754K, capacity 1834K, committed 1920K, reserved 1048576K
Event: 179,622 GC heap after
Heap after GC invocations=15 (full 0):
 PSYoungGen      total 18944K, used 2272K [0x00000000ed180000, 0x00000000ee900000, 0x0000000100000000)
  eden space 13824K, 0% used [0x00000000ed180000,0x00000000ed180000,0x00000000edf00000)
  from space 5120K, 44% used [0x00000000edf00000,0x00000000ee138000,0x00000000ee400000)
  to   space 5120K, 0% used [0x00000000ee400000,0x00000000ee400000,0x00000000ee900000)
 ParOldGen       total 39936K, used 6662K [0x00000000c7400000, 0x00000000c9b00000, 0x00000000ed180000)
  object space 39936K, 16% used [0x00000000c7400000,0x00000000c7a81ae8,0x00000000c9b00000)
 Metaspace       used 15451K, capacity 15728K, committed 16000K, reserved 1062912K
  class space    used 1754K, capacity 1834K, committed 1920K, reserved 1048576K
}
Event: 181,780 GC heap before
{Heap before GC invocations=16 (full 0):
 PSYoungGen      total 18944K, used 16096K [0x00000000ed180000, 0x00000000ee900000, 0x0000000100000000)
  eden space 13824K, 100% used [0x00000000ed180000,0x00000000edf00000,0x00000000edf00000)
  from space 5120K, 44% used [0x00000000edf00000,0x00000000ee138000,0x00000000ee400000)
  to   space 5120K, 0% used [0x00000000ee400000,0x00000000ee400000,0x00000000ee900000)
 ParOldGen       total 39936K, used 6662K [0x00000000c7400000, 0x00000000c9b00000, 0x00000000ed180000)
  object space 39936K, 16% used [0x00000000c7400000,0x00000000c7a81ae8,0x00000000c9b00000)
 Metaspace       used 15457K, capacity 15728K, committed 16000K, reserved 1062912K
  class space    used 1755K, capacity 1834K, committed 1920K, reserved 1048576K
Event: 181,785 GC heap after
Heap after GC invocations=16 (full 0):
 PSYoungGen      total 18944K, used 320K [0x00000000ed180000, 0x00000000ee900000, 0x0000000100000000)
  eden space 13824K, 0% used [0x00000000ed180000,0x00000000ed180000,0x00000000edf00000)
  from space 5120K, 6% used [0x00000000ee400000,0x00000000ee450000,0x00000000ee900000)
  to   space 5120K, 0% used [0x00000000edf00000,0x00000000edf00000,0x00000000ee400000)
 ParOldGen       total 39936K, used 7318K [0x00000000c7400000, 0x00000000c9b00000, 0x00000000ed180000)
  object space 39936K, 18% used [0x00000000c7400000,0x00000000c7b25ae8,0x00000000c9b00000)
 Metaspace       used 15457K, capacity 15728K, committed 16000K, reserved 1062912K
  class space    used 1755K, capacity 1834K, committed 1920K, reserved 1048576K
}
Event: 182,059 GC heap before
{Heap before GC invocations=17 (full 0):
 PSYoungGen      total 18944K, used 14144K [0x00000000ed180000, 0x00000000ee900000, 0x0000000100000000)
  eden space 13824K, 100% used [0x00000000ed180000,0x00000000edf00000,0x00000000edf00000)
  from space 5120K, 6% used [0x00000000ee400000,0x00000000ee450000,0x00000000ee900000)
  to   space 5120K, 0% used [0x00000000edf00000,0x00000000edf00000,0x00000000ee400000)
 ParOldGen       total 39936K, used 7318K [0x00000000c7400000, 0x00000000c9b00000, 0x00000000ed180000)
  object space 39936K, 18% used [0x00000000c7400000,0x00000000c7b25ae8,0x00000000c9b00000)
 Metaspace       used 15457K, capacity 15728K, committed 16000K, reserved 1062912K
  class space    used 1755K, capacity 1834K, committed 1920K, reserved 1048576K
Event: 182,063 GC heap after
Heap after GC invocations=17 (full 0):
 PSYoungGen      total 14336K, used 32K [0x00000000ed180000, 0x00000000ee800000, 0x0000000100000000)
  eden space 13824K, 0% used [0x00000000ed180000,0x00000000ed180000,0x00000000edf00000)
  from space 512K, 6% used [0x00000000edf00000,0x00000000edf08000,0x00000000edf80000)
  to   space 4608K, 0% used [0x00000000ee380000,0x00000000ee380000,0x00000000ee800000)
 ParOldGen       total 39936K, used 7526K [0x00000000c7400000, 0x00000000c9b00000, 0x00000000ed180000)
  object space 39936K, 18% used [0x00000000c7400000,0x00000000c7b59ae8,0x00000000c9b00000)
 Metaspace       used 15457K, capacity 15728K, committed 16000K, reserved 1062912K
  class space    used 1755K, capacity 1834K, committed 1920K, reserved 1048576K
}
Event: 192,669 GC heap before
{Heap before GC invocations=18 (full 0):
 PSYoungGen      total 14336K, used 13856K [0x00000000ed180000, 0x00000000ee800000, 0x0000000100000000)
  eden space 13824K, 100% used [0x00000000ed180000,0x00000000edf00000,0x00000000edf00000)
  from space 512K, 6% used [0x00000000edf00000,0x00000000edf08000,0x00000000edf80000)
  to   space 4608K, 0% used [0x00000000ee380000,0x00000000ee380000,0x00000000ee800000)
 ParOldGen       total 39936K, used 7526K [0x00000000c7400000, 0x00000000c9b00000, 0x00000000ed180000)
  object space 39936K, 18% used [0x00000000c7400000,0x00000000c7b59ae8,0x00000000c9b00000)
 Metaspace       used 15512K, capacity 15810K, committed 16256K, reserved 1062912K
  class space    used 1757K, capacity 1837K, committed 1920K, reserved 1048576K
Event: 192,674 GC heap after
Heap after GC invocations=18 (full 0):
 PSYoungGen      total 18432K, used 1088K [0x00000000ed180000, 0x00000000ee800000, 0x0000000100000000)
  eden space 13824K, 0% used [0x00000000ed180000,0x00000000ed180000,0x00000000edf00000)
  from space 4608K, 23% used [0x00000000ee380000,0x00000000ee490000,0x00000000ee800000)
  to   space 4608K, 0% used [0x00000000edf00000,0x00000000edf00000,0x00000000ee380000)
 ParOldGen       total 39936K, used 7542K [0x00000000c7400000, 0x00000000c9b00000, 0x00000000ed180000)
  object space 39936K, 18% used [0x00000000c7400000,0x00000000c7b5dae8,0x00000000c9b00000)
 Metaspace       used 15512K, capacity 15810K, committed 16256K, reserved 1062912K
  class space    used 1757K, capacity 1837K, committed 1920K, reserved 1048576K
}

Deoptimization events (10 events):
Event: 35,498 Thread 0x00007f7afc323000 Uncommon trap: reason=unstable_if action=reinterpret pc=0x00007f7aec3b53f0 method=sun.awt.GlobalCursorManager._updateCursor(Z)V @ 135
Event: 35,498 Thread 0x00007f7afc323000 Uncommon trap: reason=unstable_if action=reinterpret pc=0x00007f7aec330110 method=sun.awt.X11.XGlobalCursorManager.getCapableCursor(Ljava/awt/Component;)Ljava/awt/Cursor; @ 82
Event: 35,616 Thread 0x00007f7afc00a000 Uncommon trap: reason=unstable_if action=reinterpret pc=0x00007f7aec61aa28 method=java.util.WeakHashMap.get(Ljava/lang/Object;)Ljava/lang/Object; @ 44
Event: 77,179 Thread 0x00007f7afc323000 Uncommon trap: reason=bimorphic action=maybe_recompile pc=0x00007f7aec52dcac method=java.awt.Component.getBackground()Ljava/awt/Color; @ 21
Event: 164,378 Thread 0x00007f7afc289000 Uncommon trap: reason=unstable_if action=reinterpret pc=0x00007f7aec5b5328 method=sun.awt.X11.XWindow.getModifiers(III)I @ 116
Event: 179,559 Thread 0x00007f7afc323000 Uncommon trap: reason=unstable_if action=reinterpret pc=0x00007f7aec229488 method=sun.java2d.loops.ProcessPath.ProcessLine(Lsun/java2d/loops/ProcessPath$ProcessHandler;FFFF[I)V @ 184
Event: 179,559 Thread 0x00007f7afc323000 Uncommon trap: reason=unstable_if action=reinterpret pc=0x00007f7aec07f578 method=sun.java2d.loops.ProcessPath$DrawProcessHandler.PROCESS_LINE(IIIIZ[I)V @ 297
Event: 179,630 Thread 0x00007f7afc323000 Uncommon trap: reason=unstable_if action=reinterpret pc=0x00007f7aec6c98d4 method=javax.swing.RepaintManager.collectDirtyComponents(Ljava/util/Map;Ljava/awt/Component;Ljava/util/List;)V @ 104
Event: 182,328 Thread 0x00007f7afc323000 Uncommon trap: reason=bimorphic action=maybe_recompile pc=0x00007f7aec52dcac method=java.awt.Component.getBackground()Ljava/awt/Color; @ 21
Event: 195,419 Thread 0x00007f7afc00a000 Uncommon trap: reason=unstable_if action=reinterpret pc=0x00007f7aec52e904 method=java.security.AccessControlContext.optimize()Ljava/security/AccessControlContext; @ 49

Internal exceptions (10 events):
Event: 179,651 Thread 0x00007f7afc323000 Exception <a 'java/lang/NullPointerException'> (0x00000000ed2f6ba0) thrown at [/build/openjdk-8-6lTAoN/openjdk-8-8u91-b14/src/hotspot/src/share/vm/runtime/sharedRuntime.cpp, line 605]
Event: 179,651 Thread 0x00007f7afc323000 Exception <a 'java/lang/reflect/InvocationTargetException'> (0x00000000ed2f6f90) thrown at [/build/openjdk-8-6lTAoN/openjdk-8-8u91-b14/src/hotspot/src/share/vm/runtime/reflection.cpp, line 1092]
Event: 179,657 Thread 0x00007f7afc323000 Exception <a 'java/lang/ClassCastException'> (0x00000000ed2f8c80) thrown at [/build/openjdk-8-6lTAoN/openjdk-8-8u91-b14/src/hotspot/src/share/vm/prims/jvm.cpp, line 1390]
Event: 179,657 Thread 0x00007f7afc323000 Exception <a 'java/lang/ClassCastException'> (0x00000000ed2f8c80) thrown at [/build/openjdk-8-6lTAoN/openjdk-8-8u91-b14/src/hotspot/src/share/vm/prims/jvm.cpp, line 1390]
Event: 179,657 Thread 0x00007f7afc323000 Exception <a 'java/lang/ClassCastException'> (0x00000000ed2f8c80) thrown at [/build/openjdk-8-6lTAoN/openjdk-8-8u91-b14/src/hotspot/src/share/vm/prims/jvm.cpp, line 1390]
Event: 179,657 Thread 0x00007f7afc323000 Exception <a 'java/lang/ClassCastException'> (0x00000000ed2f8c80) thrown at [/build/openjdk-8-6lTAoN/openjdk-8-8u91-b14/src/hotspot/src/share/vm/prims/jvm.cpp, line 1390]
Event: 181,675 Thread 0x00007f7afc323000 Exception <a 'java/lang/UnsupportedOperationException': > (0x00000000ed97f6e0) thrown at [/build/openjdk-8-6lTAoN/openjdk-8-8u91-b14/src/hotspot/src/share/vm/prims/jni.cpp, line 735]
Event: 182,482 Thread 0x00007f7afc323000 Exception <a 'java/lang/UnsupportedOperationException': > (0x00000000edb2bfc0) thrown at [/build/openjdk-8-6lTAoN/openjdk-8-8u91-b14/src/hotspot/src/share/vm/prims/jni.cpp, line 735]
Event: 192,919 Thread 0x00007f7afc323000 Exception <a 'java/lang/UnsupportedOperationException': > (0x00000000ed2c5b40) thrown at [/build/openjdk-8-6lTAoN/openjdk-8-8u91-b14/src/hotspot/src/share/vm/prims/jni.cpp, line 735]
Event: 195,419 Thread 0x00007f7afc00a000 Implicit null exception at 0x00007f7aec52e668 to 0x00007f7aec52e8f1

Events (10 events):
Event: 584,149 Thread 0x00007f7afc0b1800 flushing nmethod 0x00007f7aec7a7e10
Event: 584,149 Executing VM operation: RevokeBias
Event: 584,150 Executing VM operation: RevokeBias done
Event: 584,151 Thread 0x00007f7afc0b1800 flushing nmethod 0x00007f7aec8c8650
Event: 584,151 Thread 0x00007f7afc0b1800 flushing nmethod 0x00007f7aec8dcf90
Event: 584,151 Thread 0x00007f7afc0b1800 flushing nmethod 0x00007f7aec903f90
Event: 10801,020 loading class sun/awt/X11/XkbEvent
Event: 10801,031 loading class sun/awt/X11/XkbEvent done
Event: 10801,031 loading class sun/awt/X11/XkbAnyEvent
Event: 10801,033 loading class sun/awt/X11/XkbAnyEvent done


Dynamic libraries:
00400000-00401000 r-xp 00000000 fc:02 4330490                            /usr/lib/jvm/java-8-openjdk-amd64/jre/bin/java
00600000-00601000 r--p 00000000 fc:02 4330490                            /usr/lib/jvm/java-8-openjdk-amd64/jre/bin/java
00601000-00602000 rw-p 00001000 fc:02 4330490                            /usr/lib/jvm/java-8-openjdk-amd64/jre/bin/java
014a1000-014c2000 rw-p 00000000 00:00 0                                  [heap]
c7400000-c9b00000 rw-p 00000000 00:00 0 
c9b00000-ed180000 ---p 00000000 00:00 0 
ed180000-ee800000 rw-p 00000000 00:00 0 
ee800000-100000000 ---p 00000000 00:00 0 
100000000-1001e0000 rw-p 00000000 00:00 0 
1001e0000-140000000 ---p 00000000 00:00 0 
7f7a90000000-7f7a90021000 rw-p 00000000 00:00 0 
7f7a90021000-7f7a94000000 ---p 00000000 00:00 0 
7f7a98000000-7f7a98084000 rw-p 00000000 00:00 0 
7f7a98084000-7f7a9c000000 ---p 00000000 00:00 0 
7f7a9c000000-7f7a9c021000 rw-p 00000000 00:00 0 
7f7a9c021000-7f7aa0000000 ---p 00000000 00:00 0 
7f7aa0000000-7f7aa0021000 rw-p 00000000 00:00 0 
7f7aa0021000-7f7aa4000000 ---p 00000000 00:00 0 
7f7aa77fc000-7f7aa79fc000 rw-p 00000000 00:00 0 
7f7aa79fc000-7f7aa79ff000 ---p 00000000 00:00 0 
7f7aa79ff000-7f7aa7cfd000 rw-p 00000000 00:00 0 
7f7aa7cfd000-7f7aa7d00000 ---p 00000000 00:00 0 
7f7aa7d00000-7f7aa7dfe000 rw-p 00000000 00:00 0 
7f7aa7dfe000-7f7aa7e01000 ---p 00000000 00:00 0 
7f7aa7e01000-7f7aa7eff000 rw-p 00000000 00:00 0 
7f7aa7eff000-7f7aa7f02000 ---p 00000000 00:00 0 
7f7aa7f02000-7f7aa8000000 rw-p 00000000 00:00 0 
7f7aa8000000-7f7aa8021000 rw-p 00000000 00:00 0 
7f7aa8021000-7f7aac000000 ---p 00000000 00:00 0 
7f7aac000000-7f7aac021000 rw-p 00000000 00:00 0 
7f7aac021000-7f7ab0000000 ---p 00000000 00:00 0 
7f7ab0000000-7f7ab0021000 rw-p 00000000 00:00 0 
7f7ab0021000-7f7ab4000000 ---p 00000000 00:00 0 
7f7ab4000000-7f7ab4021000 rw-p 00000000 00:00 0 
7f7ab4021000-7f7ab8000000 ---p 00000000 00:00 0 
7f7ab8000000-7f7ab9c06000 rw-p 00000000 00:00 0 
7f7ab9c06000-7f7abc000000 ---p 00000000 00:00 0 
7f7abc000000-7f7abc967000 rw-p 00000000 00:00 0 
7f7abc967000-7f7ac0000000 ---p 00000000 00:00 0 
7f7ac0000000-7f7ac0021000 rw-p 00000000 00:00 0 
7f7ac0021000-7f7ac4000000 ---p 00000000 00:00 0 
7f7ac4000000-7f7ac575d000 rw-p 00000000 00:00 0 
7f7ac575d000-7f7ac8000000 ---p 00000000 00:00 0 
7f7ac8000000-7f7ac8021000 rw-p 00000000 00:00 0 
7f7ac8021000-7f7acc000000 ---p 00000000 00:00 0 
7f7acc000000-7f7acc021000 rw-p 00000000 00:00 0 
7f7acc021000-7f7ad0000000 ---p 00000000 00:00 0 
7f7ad0000000-7f7ad0059000 rw-p 00000000 00:00 0 
7f7ad0059000-7f7ad4000000 ---p 00000000 00:00 0 
7f7ad4000000-7f7ad4021000 rw-p 00000000 00:00 0 
7f7ad4021000-7f7ad8000000 ---p 00000000 00:00 0 
7f7ad805a000-7f7ad806b000 r-xp 00000000 fc:02 4329731                    /usr/lib/jvm/java-8-openjdk-amd64/jre/lib/amd64/libnio.so
7f7ad806b000-7f7ad826b000 ---p 00011000 fc:02 4329731                    /usr/lib/jvm/java-8-openjdk-amd64/jre/lib/amd64/libnio.so
7f7ad826b000-7f7ad826c000 r--p 00011000 fc:02 4329731                    /usr/lib/jvm/java-8-openjdk-amd64/jre/lib/amd64/libnio.so
7f7ad826c000-7f7ad826d000 rw-p 00012000 fc:02 4329731                    /usr/lib/jvm/java-8-openjdk-amd64/jre/lib/amd64/libnio.so
7f7ad826d000-7f7ad856e000 rw-p 00000000 00:00 0 
7f7ad856e000-7f7ad8585000 r-xp 00000000 fc:02 4329734                    /usr/lib/jvm/java-8-openjdk-amd64/jre/lib/amd64/libnet.so
7f7ad8585000-7f7ad8784000 ---p 00017000 fc:02 4329734                    /usr/lib/jvm/java-8-openjdk-amd64/jre/lib/amd64/libnet.so
7f7ad8784000-7f7ad8785000 r--p 00016000 fc:02 4329734                    /usr/lib/jvm/java-8-openjdk-amd64/jre/lib/amd64/libnet.so
7f7ad8785000-7f7ad8786000 rw-p 00017000 fc:02 4329734                    /usr/lib/jvm/java-8-openjdk-amd64/jre/lib/amd64/libnet.so
7f7ad8786000-7f7ad8986000 rw-p 00000000 00:00 0 
7f7ad8986000-7f7ad8989000 ---p 00000000 00:00 0 
7f7ad8989000-7f7ad8a87000 rw-p 00000000 00:00 0 
7f7ad8a87000-7f7ad8a8c000 r-xp 00000000 fc:02 4203293                    /usr/lib/x86_64-linux-gnu/libXfixes.so.3.1.0
7f7ad8a8c000-7f7ad8c8b000 ---p 00005000 fc:02 4203293                    /usr/lib/x86_64-linux-gnu/libXfixes.so.3.1.0
7f7ad8c8b000-7f7ad8c8c000 r--p 00004000 fc:02 4203293                    /usr/lib/x86_64-linux-gnu/libXfixes.so.3.1.0
7f7ad8c8c000-7f7ad8c8d000 rw-p 00005000 fc:02 4203293                    /usr/lib/x86_64-linux-gnu/libXfixes.so.3.1.0
7f7ad8c8d000-7f7ad8c96000 r-xp 00000000 fc:02 4203285                    /usr/lib/x86_64-linux-gnu/libXcursor.so.1.0.2
7f7ad8c96000-7f7ad8e95000 ---p 00009000 fc:02 4203285                    /usr/lib/x86_64-linux-gnu/libXcursor.so.1.0.2
7f7ad8e95000-7f7ad8e96000 r--p 00008000 fc:02 4203285                    /usr/lib/x86_64-linux-gnu/libXcursor.so.1.0.2
7f7ad8e96000-7f7ad8e97000 rw-p 00009000 fc:02 4203285                    /usr/lib/x86_64-linux-gnu/libXcursor.so.1.0.2
7f7ad8e97000-7f7ad8e9a000 ---p 00000000 00:00 0 
7f7ad8e9a000-7f7ad8f98000 rw-p 00000000 00:00 0 
7f7ad8f98000-7f7ad8fbc000 r-xp 00000000 fc:02 2101820                    /lib/x86_64-linux-gnu/libpng12.so.0.54.0
7f7ad8fbc000-7f7ad91bb000 ---p 00024000 fc:02 2101820                    /lib/x86_64-linux-gnu/libpng12.so.0.54.0
7f7ad91bb000-7f7ad91bc000 r--p 00023000 fc:02 2101820                    /lib/x86_64-linux-gnu/libpng12.so.0.54.0
7f7ad91bc000-7f7ad91bd000 rw-p 00024000 fc:02 2101820                    /lib/x86_64-linux-gnu/libpng12.so.0.54.0
7f7ad91bd000-7f7ad9261000 r-xp 00000000 fc:02 4203695                    /usr/lib/x86_64-linux-gnu/libfreetype.so.6.12.1
7f7ad9261000-7f7ad9460000 ---p 000a4000 fc:02 4203695                    /usr/lib/x86_64-linux-gnu/libfreetype.so.6.12.1
7f7ad9460000-7f7ad9466000 r--p 000a3000 fc:02 4203695                    /usr/lib/x86_64-linux-gnu/libfreetype.so.6.12.1
7f7ad9466000-7f7ad9467000 rw-p 000a9000 fc:02 4203695                    /usr/lib/x86_64-linux-gnu/libfreetype.so.6.12.1
7f7ad9488000-7f7ad94da000 r-xp 00000000 fc:02 4329752                    /usr/lib/jvm/java-8-openjdk-amd64/jre/lib/amd64/libfontmanager.so
7f7ad94da000-7f7ad96da000 ---p 00052000 fc:02 4329752                    /usr/lib/jvm/java-8-openjdk-amd64/jre/lib/amd64/libfontmanager.so
7f7ad96da000-7f7ad96dc000 r--p 00052000 fc:02 4329752                    /usr/lib/jvm/java-8-openjdk-amd64/jre/lib/amd64/libfontmanager.so
7f7ad96dc000-7f7ad96dd000 rw-p 00054000 fc:02 4329752                    /usr/lib/jvm/java-8-openjdk-amd64/jre/lib/amd64/libfontmanager.so
7f7ad96dd000-7f7ad9703000 r--p 00000000 fc:02 4853048                    /usr/share/locale-langpack/fr/LC_MESSAGES/libc.mo
7f7ad9703000-7f7ad9708000 r-xp 00000000 fc:02 4203289                    /usr/lib/x86_64-linux-gnu/libXdmcp.so.6.0.0
7f7ad9708000-7f7ad9907000 ---p 00005000 fc:02 4203289                    /usr/lib/x86_64-linux-gnu/libXdmcp.so.6.0.0
7f7ad9907000-7f7ad9908000 r--p 00004000 fc:02 4203289                    /usr/lib/x86_64-linux-gnu/libXdmcp.so.6.0.0
7f7ad9908000-7f7ad9909000 rw-p 00005000 fc:02 4203289                    /usr/lib/x86_64-linux-gnu/libXdmcp.so.6.0.0
7f7ad9909000-7f7ad990b000 r-xp 00000000 fc:02 4203278                    /usr/lib/x86_64-linux-gnu/libXau.so.6.0.0
7f7ad990b000-7f7ad9b0b000 ---p 00002000 fc:02 4203278                    /usr/lib/x86_64-linux-gnu/libXau.so.6.0.0
7f7ad9b0b000-7f7ad9b0c000 r--p 00002000 fc:02 4203278                    /usr/lib/x86_64-linux-gnu/libXau.so.6.0.0
7f7ad9b0c000-7f7ad9b0d000 rw-p 00003000 fc:02 4203278                    /usr/lib/x86_64-linux-gnu/libXau.so.6.0.0
7f7ad9b0d000-7f7ad9b2e000 r-xp 00000000 fc:02 4204627                    /usr/lib/x86_64-linux-gnu/libxcb.so.1.1.0
7f7ad9b2e000-7f7ad9d2d000 ---p 00021000 fc:02 4204627                    /usr/lib/x86_64-linux-gnu/libxcb.so.1.1.0
7f7ad9d2d000-7f7ad9d2e000 r--p 00020000 fc:02 4204627                    /usr/lib/x86_64-linux-gnu/libxcb.so.1.1.0
7f7ad9d2e000-7f7ad9d2f000 rw-p 00021000 fc:02 4204627                    /usr/lib/x86_64-linux-gnu/libxcb.so.1.1.0
7f7ad9d2f000-7f7ad9d3e000 r-xp 00000000 fc:02 4203299                    /usr/lib/x86_64-linux-gnu/libXi.so.6.1.0
7f7ad9d3e000-7f7ad9f3d000 ---p 0000f000 fc:02 4203299                    /usr/lib/x86_64-linux-gnu/libXi.so.6.1.0
7f7ad9f3d000-7f7ad9f3e000 r--p 0000e000 fc:02 4203299                    /usr/lib/x86_64-linux-gnu/libXi.so.6.1.0
7f7ad9f3e000-7f7ad9f3f000 rw-p 0000f000 fc:02 4203299                    /usr/lib/x86_64-linux-gnu/libXi.so.6.1.0
7f7ad9f3f000-7f7ad9f44000 r-xp 00000000 fc:02 4203317                    /usr/lib/x86_64-linux-gnu/libXtst.so.6.1.0
7f7ad9f44000-7f7ada143000 ---p 00005000 fc:02 4203317                    /usr/lib/x86_64-linux-gnu/libXtst.so.6.1.0
7f7ada143000-7f7ada144000 r--p 00004000 fc:02 4203317                    /usr/lib/x86_64-linux-gnu/libXtst.so.6.1.0
7f7ada144000-7f7ada145000 rw-p 00005000 fc:02 4203317                    /usr/lib/x86_64-linux-gnu/libXtst.so.6.1.0
7f7ada145000-7f7ada14e000 r-xp 00000000 fc:02 4203311                    /usr/lib/x86_64-linux-gnu/libXrender.so.1.3.0
7f7ada14e000-7f7ada34d000 ---p 00009000 fc:02 4203311                    /usr/lib/x86_64-linux-gnu/libXrender.so.1.3.0
7f7ada34d000-7f7ada34e000 r--p 00008000 fc:02 4203311                    /usr/lib/x86_64-linux-gnu/libXrender.so.1.3.0
7f7ada34e000-7f7ada34f000 rw-p 00009000 fc:02 4203311                    /usr/lib/x86_64-linux-gnu/libXrender.so.1.3.0
7f7ada34f000-7f7ada484000 r-xp 00000000 fc:02 4203274                    /usr/lib/x86_64-linux-gnu/libX11.so.6.3.0
7f7ada484000-7f7ada684000 ---p 00135000 fc:02 4203274                    /usr/lib/x86_64-linux-gnu/libX11.so.6.3.0
7f7ada684000-7f7ada685000 r--p 00135000 fc:02 4203274                    /usr/lib/x86_64-linux-gnu/libX11.so.6.3.0
7f7ada685000-7f7ada689000 rw-p 00136000 fc:02 4203274                    /usr/lib/x86_64-linux-gnu/libX11.so.6.3.0
7f7ada689000-7f7ada69a000 r-xp 00000000 fc:02 4203291                    /usr/lib/x86_64-linux-gnu/libXext.so.6.4.0
7f7ada69a000-7f7ada899000 ---p 00011000 fc:02 4203291                    /usr/lib/x86_64-linux-gnu/libXext.so.6.4.0
7f7ada899000-7f7ada89a000 r--p 00010000 fc:02 4203291                    /usr/lib/x86_64-linux-gnu/libXext.so.6.4.0
7f7ada89a000-7f7ada89b000 rw-p 00011000 fc:02 4203291                    /usr/lib/x86_64-linux-gnu/libXext.so.6.4.0
7f7ada8a2000-7f7ada8b5000 r--s 00345000 fc:02 4329707                    /usr/lib/jvm/java-8-openjdk-amd64/jre/lib/resources.jar
7f7ada8b5000-7f7ada8bc000 r--s 00000000 fc:02 4458955                    /usr/lib/x86_64-linux-gnu/gconv/gconv-modules.cache
7f7ada8bc000-7f7ada910000 r-xp 00000000 fc:02 4329725                    /usr/lib/jvm/java-8-openjdk-amd64/jre/lib/amd64/libawt_xawt.so
7f7ada910000-7f7adab10000 ---p 00054000 fc:02 4329725                    /usr/lib/jvm/java-8-openjdk-amd64/jre/lib/amd64/libawt_xawt.so
7f7adab10000-7f7adab11000 r--p 00054000 fc:02 4329725                    /usr/lib/jvm/java-8-openjdk-amd64/jre/lib/amd64/libawt_xawt.so
7f7adab11000-7f7adab14000 rw-p 00055000 fc:02 4329725                    /usr/lib/jvm/java-8-openjdk-amd64/jre/lib/amd64/libawt_xawt.so
7f7adab14000-7f7adab15000 rw-p 00000000 00:00 0 
7f7adab15000-7f7adabb5000 r-xp 00000000 fc:02 4329756                    /usr/lib/jvm/java-8-openjdk-amd64/jre/lib/amd64/libawt.so
7f7adabb5000-7f7adadb5000 ---p 000a0000 fc:02 4329756                    /usr/lib/jvm/java-8-openjdk-amd64/jre/lib/amd64/libawt.so
7f7adadb5000-7f7adadb6000 r--p 000a0000 fc:02 4329756                    /usr/lib/jvm/java-8-openjdk-amd64/jre/lib/amd64/libawt.so
7f7adadb6000-7f7adadc1000 rw-p 000a1000 fc:02 4329756                    /usr/lib/jvm/java-8-openjdk-amd64/jre/lib/amd64/libawt.so
7f7adadc1000-7f7adade6000 rw-p 00000000 00:00 0 
7f7adade6000-7f7adadf0000 r--s 00116000 fc:02 4330454                    /usr/lib/jvm/java-8-openjdk-amd64/jre/lib/ext/localedata.jar
7f7adadf0000-7f7adadf1000 ---p 00000000 00:00 0 
7f7adadf1000-7f7adaef1000 rw-p 00000000 00:00 0 
7f7adaef1000-7f7adaef4000 ---p 00000000 00:00 0 
7f7adaef4000-7f7adaff2000 rw-p 00000000 00:00 0 
7f7adaff2000-7f7adaff5000 ---p 00000000 00:00 0 
7f7adaff5000-7f7adb0f3000 rw-p 00000000 00:00 0 
7f7adb0f3000-7f7adb0f6000 ---p 00000000 00:00 0 
7f7adb0f6000-7f7adb1f4000 rw-p 00000000 00:00 0 
7f7adb1f4000-7f7adb1f7000 ---p 00000000 00:00 0 
7f7adb1f7000-7f7adb2f5000 rw-p 00000000 00:00 0 
7f7adb2f5000-7f7adb2f8000 ---p 00000000 00:00 0 
7f7adb2f8000-7f7adb3f6000 rw-p 00000000 00:00 0 
7f7adb3f6000-7f7adbafb000 r--p 00000000 fc:02 4202429                    /usr/lib/locale/locale-archive
7f7adbafb000-7f7adbafe000 ---p 00000000 00:00 0 
7f7adbafe000-7f7adbbfc000 rw-p 00000000 00:00 0 
7f7adbbfc000-7f7adbbff000 ---p 00000000 00:00 0 
7f7adbbff000-7f7adbcfd000 rw-p 00000000 00:00 0 
7f7adbcfd000-7f7adbcfe000 ---p 00000000 00:00 0 
7f7adbcfe000-7f7adc000000 rw-p 00000000 00:00 0 
7f7adc000000-7f7adc021000 rw-p 00000000 00:00 0 
7f7adc021000-7f7ae0000000 ---p 00000000 00:00 0 
7f7ae0000000-7f7ae0021000 rw-p 00000000 00:00 0 
7f7ae0021000-7f7ae4000000 ---p 00000000 00:00 0 
7f7ae4000000-7f7ae4021000 rw-p 00000000 00:00 0 
7f7ae4021000-7f7ae8000000 ---p 00000000 00:00 0 
7f7ae8006000-7f7ae8008000 r--s 00001000 fc:02 4330455                    /usr/lib/jvm/java-8-openjdk-amd64/jre/lib/ext/dnsns.jar
7f7ae8008000-7f7ae8023000 r--s 001d7000 fc:02 4330456                    /usr/lib/jvm/java-8-openjdk-amd64/jre/lib/ext/nashorn.jar
7f7ae8023000-7f7ae803f000 r--s 00393000 fc:02 4329781                    /usr/lib/jvm/java-8-openjdk-amd64/jre/lib/ext/cldrdata.jar
7f7ae803f000-7f7ae8df1000 rw-p 00000000 00:00 0 
7f7ae8df1000-7f7ae8fbe000 r--s 03be7000 fc:02 4329775                    /usr/lib/jvm/java-8-openjdk-amd64/jre/lib/rt.jar
7f7ae8fbe000-7f7aeb5e4000 rw-p 00000000 00:00 0 
7f7aeb5e4000-7f7aeb5e5000 ---p 00000000 00:00 0 
7f7aeb5e5000-7f7aeb6e5000 rw-p 00000000 00:00 0 
7f7aeb6e5000-7f7aeb6e6000 ---p 00000000 00:00 0 
7f7aeb6e6000-7f7aeb7e6000 rw-p 00000000 00:00 0 
7f7aeb7e6000-7f7aeb7e7000 ---p 00000000 00:00 0 
7f7aeb7e7000-7f7aeb8e7000 rw-p 00000000 00:00 0 
7f7aeb8e7000-7f7aeb8e8000 ---p 00000000 00:00 0 
7f7aeb8e8000-7f7aeb9fc000 rw-p 00000000 00:00 0 
7f7aeb9fc000-7f7aebb16000 ---p 00000000 00:00 0 
7f7aebb16000-7f7aebb22000 rw-p 00000000 00:00 0 
7f7aebb22000-7f7aebbae000 ---p 00000000 00:00 0 
7f7aebbae000-7f7aebbd9000 rw-p 00000000 00:00 0 
7f7aebbd9000-7f7aebf6f000 ---p 00000000 00:00 0 
7f7aebf6f000-7f7aec9bf000 rwxp 00000000 00:00 0 
7f7aec9bf000-7f7afaf6f000 ---p 00000000 00:00 0 
7f7afaf6f000-7f7afaf77000 r-xp 00000000 fc:02 4329751                    /usr/lib/jvm/java-8-openjdk-amd64/jre/lib/amd64/libzip.so
7f7afaf77000-7f7afb176000 ---p 00008000 fc:02 4329751                    /usr/lib/jvm/java-8-openjdk-amd64/jre/lib/amd64/libzip.so
7f7afb176000-7f7afb177000 r--p 00007000 fc:02 4329751                    /usr/lib/jvm/java-8-openjdk-amd64/jre/lib/amd64/libzip.so
7f7afb177000-7f7afb178000 rw-p 00008000 fc:02 4329751                    /usr/lib/jvm/java-8-openjdk-amd64/jre/lib/amd64/libzip.so
7f7afb178000-7f7afb183000 r-xp 00000000 fc:02 2101777                    /lib/x86_64-linux-gnu/libnss_files-2.23.so
7f7afb183000-7f7afb382000 ---p 0000b000 fc:02 2101777                    /lib/x86_64-linux-gnu/libnss_files-2.23.so
7f7afb382000-7f7afb383000 r--p 0000a000 fc:02 2101777                    /lib/x86_64-linux-gnu/libnss_files-2.23.so
7f7afb383000-7f7afb384000 rw-p 0000b000 fc:02 2101777                    /lib/x86_64-linux-gnu/libnss_files-2.23.so
7f7afb384000-7f7afb38a000 rw-p 00000000 00:00 0 
7f7afb38a000-7f7afb395000 r-xp 00000000 fc:02 2101788                    /lib/x86_64-linux-gnu/libnss_nis-2.23.so
7f7afb395000-7f7afb594000 ---p 0000b000 fc:02 2101788                    /lib/x86_64-linux-gnu/libnss_nis-2.23.so
7f7afb594000-7f7afb595000 r--p 0000a000 fc:02 2101788                    /lib/x86_64-linux-gnu/libnss_nis-2.23.so
7f7afb595000-7f7afb596000 rw-p 0000b000 fc:02 2101788                    /lib/x86_64-linux-gnu/libnss_nis-2.23.so
7f7afb596000-7f7afb5ac000 r-xp 00000000 fc:02 2101771                    /lib/x86_64-linux-gnu/libnsl-2.23.so
7f7afb5ac000-7f7afb7ab000 ---p 00016000 fc:02 2101771                    /lib/x86_64-linux-gnu/libnsl-2.23.so
7f7afb7ab000-7f7afb7ac000 r--p 00015000 fc:02 2101771                    /lib/x86_64-linux-gnu/libnsl-2.23.so
7f7afb7ac000-7f7afb7ad000 rw-p 00016000 fc:02 2101771                    /lib/x86_64-linux-gnu/libnsl-2.23.so
7f7afb7ad000-7f7afb7af000 rw-p 00000000 00:00 0 
7f7afb7af000-7f7afb7b7000 r-xp 00000000 fc:02 2101773                    /lib/x86_64-linux-gnu/libnss_compat-2.23.so
7f7afb7b7000-7f7afb9b6000 ---p 00008000 fc:02 2101773                    /lib/x86_64-linux-gnu/libnss_compat-2.23.so
7f7afb9b6000-7f7afb9b7000 r--p 00007000 fc:02 2101773                    /lib/x86_64-linux-gnu/libnss_compat-2.23.so
7f7afb9b7000-7f7afb9b8000 rw-p 00008000 fc:02 2101773                    /lib/x86_64-linux-gnu/libnss_compat-2.23.so
7f7afb9b8000-7f7afb9e5000 r-xp 00000000 fc:02 4329736                    /usr/lib/jvm/java-8-openjdk-amd64/jre/lib/amd64/libjava.so
7f7afb9e5000-7f7afbbe4000 ---p 0002d000 fc:02 4329736                    /usr/lib/jvm/java-8-openjdk-amd64/jre/lib/amd64/libjava.so
7f7afbbe4000-7f7afbbe5000 r--p 0002c000 fc:02 4329736                    /usr/lib/jvm/java-8-openjdk-amd64/jre/lib/amd64/libjava.so
7f7afbbe5000-7f7afbbe7000 rw-p 0002d000 fc:02 4329736                    /usr/lib/jvm/java-8-openjdk-amd64/jre/lib/amd64/libjava.so
7f7afbbe7000-7f7afbbf6000 r-xp 00000000 fc:02 4329728                    /usr/lib/jvm/java-8-openjdk-amd64/jre/lib/amd64/libverify.so
7f7afbbf6000-7f7afbdf5000 ---p 0000f000 fc:02 4329728                    /usr/lib/jvm/java-8-openjdk-amd64/jre/lib/amd64/libverify.so
7f7afbdf5000-7f7afbdf7000 r--p 0000e000 fc:02 4329728                    /usr/lib/jvm/java-8-openjdk-amd64/jre/lib/amd64/libverify.so
7f7afbdf7000-7f7afbdf8000 rw-p 00010000 fc:02 4329728                    /usr/lib/jvm/java-8-openjdk-amd64/jre/lib/amd64/libverify.so
7f7afbdf8000-7f7afbdff000 r-xp 00000000 fc:02 2101833                    /lib/x86_64-linux-gnu/librt-2.23.so
7f7afbdff000-7f7afbffe000 ---p 00007000 fc:02 2101833                    /lib/x86_64-linux-gnu/librt-2.23.so
7f7afbffe000-7f7afbfff000 r--p 00006000 fc:02 2101833                    /lib/x86_64-linux-gnu/librt-2.23.so
7f7afbfff000-7f7afc000000 rw-p 00007000 fc:02 2101833                    /lib/x86_64-linux-gnu/librt-2.23.so
7f7afc000000-7f7afc381000 rw-p 00000000 00:00 0 
7f7afc381000-7f7b00000000 ---p 00000000 00:00 0 
7f7b00000000-7f7b00001000 r--s 00010000 fc:02 4329778                    /usr/lib/jvm/java-8-openjdk-amd64/jre/lib/ext/zipfs.jar
7f7b00001000-7f7b00002000 r--s 00008000 fc:02 4330453                    /usr/lib/jvm/java-8-openjdk-amd64/jre/lib/ext/sunec.jar
7f7b00002000-7f7b00005000 r--s 0000f000 fc:02 4329777                    /usr/lib/jvm/java-8-openjdk-amd64/jre/lib/ext/icedtea-sound.jar
7f7b00005000-7f7b0008f000 rw-p 00000000 00:00 0 
7f7b0008f000-7f7b001aa000 ---p 00000000 00:00 0 
7f7b001aa000-7f7b001c0000 r-xp 00000000 fc:02 2101718                    /lib/x86_64-linux-gnu/libgcc_s.so.1
7f7b001c0000-7f7b003bf000 ---p 00016000 fc:02 2101718                    /lib/x86_64-linux-gnu/libgcc_s.so.1
7f7b003bf000-7f7b003c0000 rw-p 00015000 fc:02 2101718                    /lib/x86_64-linux-gnu/libgcc_s.so.1
7f7b003c0000-7f7b004c8000 r-xp 00000000 fc:02 2101750                    /lib/x86_64-linux-gnu/libm-2.23.so
7f7b004c8000-7f7b006c7000 ---p 00108000 fc:02 2101750                    /lib/x86_64-linux-gnu/libm-2.23.so
7f7b006c7000-7f7b006c8000 r--p 00107000 fc:02 2101750                    /lib/x86_64-linux-gnu/libm-2.23.so
7f7b006c8000-7f7b006c9000 rw-p 00108000 fc:02 2101750                    /lib/x86_64-linux-gnu/libm-2.23.so
7f7b006c9000-7f7b0083b000 r-xp 00000000 fc:02 4196488                    /usr/lib/x86_64-linux-gnu/libstdc++.so.6.0.21
7f7b0083b000-7f7b00a3b000 ---p 00172000 fc:02 4196488                    /usr/lib/x86_64-linux-gnu/libstdc++.so.6.0.21
7f7b00a3b000-7f7b00a45000 r--p 00172000 fc:02 4196488                    /usr/lib/x86_64-linux-gnu/libstdc++.so.6.0.21
7f7b00a45000-7f7b00a47000 rw-p 0017c000 fc:02 4196488                    /usr/lib/x86_64-linux-gnu/libstdc++.so.6.0.21
7f7b00a47000-7f7b00a4b000 rw-p 00000000 00:00 0 
7f7b00a4b000-7f7b01691000 r-xp 00000000 fc:02 4329749                    /usr/lib/jvm/java-8-openjdk-amd64/jre/lib/amd64/server/libjvm.so
7f7b01691000-7f7b01890000 ---p 00c46000 fc:02 4329749                    /usr/lib/jvm/java-8-openjdk-amd64/jre/lib/amd64/server/libjvm.so
7f7b01890000-7f7b01923000 r--p 00c45000 fc:02 4329749                    /usr/lib/jvm/java-8-openjdk-amd64/jre/lib/amd64/server/libjvm.so
7f7b01923000-7f7b0194b000 rw-p 00cd8000 fc:02 4329749                    /usr/lib/jvm/java-8-openjdk-amd64/jre/lib/amd64/server/libjvm.so
7f7b0194b000-7f7b0197b000 rw-p 00000000 00:00 0 
7f7b0197b000-7f7b01993000 r-xp 00000000 fc:02 2101825                    /lib/x86_64-linux-gnu/libpthread-2.23.so
7f7b01993000-7f7b01b92000 ---p 00018000 fc:02 2101825                    /lib/x86_64-linux-gnu/libpthread-2.23.so
7f7b01b92000-7f7b01b93000 r--p 00017000 fc:02 2101825                    /lib/x86_64-linux-gnu/libpthread-2.23.so
7f7b01b93000-7f7b01b94000 rw-p 00018000 fc:02 2101825                    /lib/x86_64-linux-gnu/libpthread-2.23.so
7f7b01b94000-7f7b01b98000 rw-p 00000000 00:00 0 
7f7b01b98000-7f7b01b9b000 r-xp 00000000 fc:02 2101704                    /lib/x86_64-linux-gnu/libdl-2.23.so
7f7b01b9b000-7f7b01d9a000 ---p 00003000 fc:02 2101704                    /lib/x86_64-linux-gnu/libdl-2.23.so
7f7b01d9a000-7f7b01d9b000 r--p 00002000 fc:02 2101704                    /lib/x86_64-linux-gnu/libdl-2.23.so
7f7b01d9b000-7f7b01d9c000 rw-p 00003000 fc:02 2101704                    /lib/x86_64-linux-gnu/libdl-2.23.so
7f7b01d9c000-7f7b01db5000 r-xp 00000000 fc:02 2101869                    /lib/x86_64-linux-gnu/libz.so.1.2.8
7f7b01db5000-7f7b01fb4000 ---p 00019000 fc:02 2101869                    /lib/x86_64-linux-gnu/libz.so.1.2.8
7f7b01fb4000-7f7b01fb5000 r--p 00018000 fc:02 2101869                    /lib/x86_64-linux-gnu/libz.so.1.2.8
7f7b01fb5000-7f7b01fb6000 rw-p 00019000 fc:02 2101869                    /lib/x86_64-linux-gnu/libz.so.1.2.8
7f7b01fb6000-7f7b02176000 r-xp 00000000 fc:02 2101682                    /lib/x86_64-linux-gnu/libc-2.23.so
7f7b02176000-7f7b02375000 ---p 001c0000 fc:02 2101682                    /lib/x86_64-linux-gnu/libc-2.23.so
7f7b02375000-7f7b02379000 r--p 001bf000 fc:02 2101682                    /lib/x86_64-linux-gnu/libc-2.23.so
7f7b02379000-7f7b0237b000 rw-p 001c3000 fc:02 2101682                    /lib/x86_64-linux-gnu/libc-2.23.so
7f7b0237b000-7f7b0237f000 rw-p 00000000 00:00 0 
7f7b0237f000-7f7b0238c000 r-xp 00000000 fc:02 4329723                    /usr/lib/jvm/java-8-openjdk-amd64/jre/lib/amd64/jli/libjli.so
7f7b0238c000-7f7b0258c000 ---p 0000d000 fc:02 4329723                    /usr/lib/jvm/java-8-openjdk-amd64/jre/lib/amd64/jli/libjli.so
7f7b0258c000-7f7b0258d000 r--p 0000d000 fc:02 4329723                    /usr/lib/jvm/java-8-openjdk-amd64/jre/lib/amd64/jli/libjli.so
7f7b0258d000-7f7b0258e000 rw-p 0000e000 fc:02 4329723                    /usr/lib/jvm/java-8-openjdk-amd64/jre/lib/amd64/jli/libjli.so
7f7b0258e000-7f7b025b4000 r-xp 00000000 fc:02 2101654                    /lib/x86_64-linux-gnu/ld-2.23.so
7f7b025b4000-7f7b025ba000 r--s 0003a000 fc:02 4329780                    /usr/lib/jvm/java-8-openjdk-amd64/jre/lib/ext/sunjce_provider.jar
7f7b025ba000-7f7b0268a000 rw-p 00000000 00:00 0 
7f7b0268a000-7f7b0268d000 ---p 00000000 00:00 0 
7f7b0268d000-7f7b02790000 rw-p 00000000 00:00 0 
7f7b02790000-7f7b02791000 r--s 0000a000 fc:02 4329779                    /usr/lib/jvm/java-8-openjdk-amd64/jre/lib/ext/jaccess.jar
7f7b02791000-7f7b02795000 r--s 00037000 fc:02 4330457                    /usr/lib/jvm/java-8-openjdk-amd64/jre/lib/ext/sunpkcs11.jar
7f7b02795000-7f7b027a7000 rw-p 00000000 00:00 0 
7f7b027a7000-7f7b027af000 rw-s 00000000 fc:02 8784122                    /tmp/hsperfdata_dorian/28288
7f7b027af000-7f7b027b0000 rw-p 00000000 00:00 0 
7f7b027b0000-7f7b027b1000 r--p 00000000 00:00 0 
7f7b027b1000-7f7b027b3000 rw-p 00000000 00:00 0 
7f7b027b3000-7f7b027b4000 r--p 00025000 fc:02 2101654                    /lib/x86_64-linux-gnu/ld-2.23.so
7f7b027b4000-7f7b027b5000 rw-p 00026000 fc:02 2101654                    /lib/x86_64-linux-gnu/ld-2.23.so
7f7b027b5000-7f7b027b6000 rw-p 00000000 00:00 0 
7ffdc9133000-7ffdc9154000 rw-p 00000000 00:00 0                          [stack]
7ffdc9199000-7ffdc919b000 r--p 00000000 00:00 0                          [vvar]
7ffdc919b000-7ffdc919d000 r-xp 00000000 00:00 0                          [vdso]
ffffffffff600000-ffffffffff601000 r-xp 00000000 00:00 0                  [vsyscall]

VM Arguments:
jvm_args: -Dfile.encoding=UTF8 
java_command: Main
java_class_path (initial): ../class
Launcher Type: SUN_STANDARD

Environment Variables:
PATH=/usr/local/sbin:/usr/local/bin:/usr/sbin:/usr/bin:/sbin:/bin:/usr/games:/usr/local/games:/snap/bin
USERNAME=dorian
SHELL=/bin/bash
DISPLAY=:0

Signal Handlers:
SIGSEGV: [libjvm.so+0xa5e090], sa_mask[0]=11111111011111111101111111111110, sa_flags=SA_RESTART|SA_SIGINFO
SIGBUS: [libjvm.so+0xa5e090], sa_mask[0]=11111111011111111101111111111110, sa_flags=SA_RESTART|SA_SIGINFO
SIGFPE: [libjvm.so+0x8a9800], sa_mask[0]=11111111011111111101111111111110, sa_flags=SA_RESTART|SA_SIGINFO
SIGPIPE: [libjvm.so+0x8a9800], sa_mask[0]=11111111011111111101111111111110, sa_flags=SA_RESTART|SA_SIGINFO
SIGXFSZ: [libjvm.so+0x8a9800], sa_mask[0]=11111111011111111101111111111110, sa_flags=SA_RESTART|SA_SIGINFO
SIGILL: [libjvm.so+0x8a9800], sa_mask[0]=11111111011111111101111111111110, sa_flags=SA_RESTART|SA_SIGINFO
SIGUSR1: SIG_DFL, sa_mask[0]=00000000000000000000000000000000, sa_flags=none
SIGUSR2: [libjvm.so+0x8a96b0], sa_mask[0]=00000000000000000000000000000000, sa_flags=SA_RESTART|SA_SIGINFO
SIGHUP: [libjvm.so+0x8a9b80], sa_mask[0]=11111111011111111101111111111110, sa_flags=SA_RESTART|SA_SIGINFO
SIGINT: [libjvm.so+0x8a9b80], sa_mask[0]=11111111011111111101111111111110, sa_flags=SA_RESTART|SA_SIGINFO
SIGTERM: [libjvm.so+0x8a9b80], sa_mask[0]=11111111011111111101111111111110, sa_flags=SA_RESTART|SA_SIGINFO
SIGQUIT: [libjvm.so+0x8a9b80], sa_mask[0]=11111111011111111101111111111110, sa_flags=SA_RESTART|SA_SIGINFO


---------------  S Y S T E M  ---------------

OS:DISTRIB_ID=Ubuntu
DISTRIB_RELEASE=16.04
DISTRIB_CODENAME=xenial
DISTRIB_DESCRIPTION="Ubuntu 16.04 LTS"

uname:Linux 4.4.0-22-generic #40-Ubuntu SMP Thu May 12 22:03:46 UTC 2016 x86_64
libc:glibc 2.23 NPTL 2.23 
rlimit: STACK 8192k, CORE 0k, NPROC 14344, NOFILE 65536, AS infinity
load average:1,36 1,08 0,79

/proc/meminfo:
MemTotal:        3713288 kB
MemFree:         1251104 kB
MemAvailable:    1677456 kB
Buffers:           29664 kB
Cached:           665180 kB
SwapCached:        11196 kB
Active:          1603756 kB
Inactive:         637920 kB
Active(anon):    1408252 kB
Inactive(anon):   473456 kB
Active(file):     195504 kB
Inactive(file):   164464 kB
Unevictable:           0 kB
Mlocked:               0 kB
SwapTotal:       2047996 kB
SwapFree:        1712104 kB
Dirty:                56 kB
Writeback:             0 kB
AnonPages:       1506504 kB
Mapped:           242492 kB
Shmem:            334808 kB
Slab:             138020 kB
SReclaimable:      94848 kB
SUnreclaim:        43172 kB
KernelStack:        8320 kB
PageTables:        24544 kB
NFS_Unstable:          0 kB
Bounce:                0 kB
WritebackTmp:          0 kB
CommitLimit:     3904640 kB
Committed_AS:    9060540 kB
VmallocTotal:   34359738367 kB
VmallocUsed:           0 kB
VmallocChunk:          0 kB
HardwareCorrupted:     0 kB
AnonHugePages:    313344 kB
CmaTotal:              0 kB
CmaFree:               0 kB
HugePages_Total:       0
HugePages_Free:        0
HugePages_Rsvd:        0
HugePages_Surp:        0
Hugepagesize:       2048 kB
DirectMap4k:      318560 kB
DirectMap2M:     3538944 kB


CPU:total 4 (2 cores per cpu, 2 threads per core) family 6 model 37 stepping 5, cmov, cx8, fxsr, mmx, sse, sse2, sse3, ssse3, sse4.1, sse4.2, popcnt, ht, tsc, tscinvbit

/proc/cpuinfo:
processor	: 0
vendor_id	: GenuineIntel
cpu family	: 6
model		: 37
model name	: Intel(R) Core(TM) i3 CPU       M 380  @ 2.53GHz
stepping	: 5
microcode	: 0x4
cpu MHz		: 2533.000
cache size	: 3072 KB
physical id	: 0
siblings	: 4
core id		: 0
cpu cores	: 2
apicid		: 0
initial apicid	: 0
fpu		: yes
fpu_exception	: yes
cpuid level	: 11
wp		: yes
flags		: fpu vme de pse tsc msr pae mce cx8 apic sep mtrr pge mca cmov pat pse36 clflush dts acpi mmx fxsr sse sse2 ss ht tm pbe syscall nx rdtscp lm constant_tsc arch_perfmon pebs bts rep_good nopl xtopology nonstop_tsc aperfmperf pni dtes64 monitor ds_cpl vmx est tm2 ssse3 cx16 xtpr pdcm pcid sse4_1 sse4_2 popcnt lahf_lm tpr_shadow vnmi flexpriority ept vpid dtherm arat
bugs		:
bogomips	: 5054.75
clflush size	: 64
cache_alignment	: 64
address sizes	: 36 bits physical, 48 bits virtual
power management:

processor	: 1
vendor_id	: GenuineIntel
cpu family	: 6
model		: 37
model name	: Intel(R) Core(TM) i3 CPU       M 380  @ 2.53GHz
stepping	: 5
microcode	: 0x4
cpu MHz		: 2533.000
cache size	: 3072 KB
physical id	: 0
siblings	: 4
core id		: 0
cpu cores	: 2
apicid		: 1
initial apicid	: 1
fpu		: yes
fpu_exception	: yes
cpuid level	: 11
wp		: yes
flags		: fpu vme de pse tsc msr pae mce cx8 apic sep mtrr pge mca cmov pat pse36 clflush dts acpi mmx fxsr sse sse2 ss ht tm pbe syscall nx rdtscp lm constant_tsc arch_perfmon pebs bts rep_good nopl xtopology nonstop_tsc aperfmperf pni dtes64 monitor ds_cpl vmx est tm2 ssse3 cx16 xtpr pdcm pcid sse4_1 sse4_2 popcnt lahf_lm tpr_shadow vnmi flexpriority ept vpid dtherm arat
bugs		:
bogomips	: 5054.75
clflush size	: 64
cache_alignment	: 64
address sizes	: 36 bits physical, 48 bits virtual
power management:

processor	: 2
vendor_id	: GenuineIntel
cpu family	: 6
model		: 37
model name	: Intel(R) Core(TM) i3 CPU       M 380  @ 2.53GHz
stepping	: 5
microcode	: 0x4
cpu MHz		: 2533.000
cache size	: 3072 KB
physical id	: 0
siblings	: 4
core id		: 2
cpu cores	: 2
apicid		: 4
initial apicid	: 4
fpu		: yes
fpu_exception	: yes
cpuid level	: 11
wp		: yes
flags		: fpu vme de pse tsc msr pae mce cx8 apic sep mtrr pge mca cmov pat pse36 clflush dts acpi mmx fxsr sse sse2 ss ht tm pbe syscall nx rdtscp lm constant_tsc arch_perfmon pebs bts rep_good nopl xtopology nonstop_tsc aperfmperf pni dtes64 monitor ds_cpl vmx est tm2 ssse3 cx16 xtpr pdcm pcid sse4_1 sse4_2 popcnt lahf_lm tpr_shadow vnmi flexpriority ept vpid dtherm arat
bugs		:
bogomips	: 5054.75
clflush size	: 64
cache_alignment	: 64
address sizes	: 36 bits physical, 48 bits virtual
power management:

processor	: 3
vendor_id	: GenuineIntel
cpu family	: 6
model		: 37
model name	: Intel(R) Core(TM) i3 CPU       M 380  @ 2.53GHz
stepping	: 5
microcode	: 0x4
cpu MHz		: 2533.000
cache size	: 3072 KB
physical id	: 0
siblings	: 4
core id		: 2
cpu cores	: 2
apicid		: 5
initial apicid	: 5
fpu		: yes
fpu_exception	: yes
cpuid level	: 11
wp		: yes
flags		: fpu vme de pse tsc msr pae mce cx8 apic sep mtrr pge mca cmov pat pse36 clflush dts acpi mmx fxsr sse sse2 ss ht tm pbe syscall nx rdtscp lm constant_tsc arch_perfmon pebs bts rep_good nopl xtopology nonstop_tsc aperfmperf pni dtes64 monitor ds_cpl vmx est tm2 ssse3 cx16 xtpr pdcm pcid sse4_1 sse4_2 popcnt lahf_lm tpr_shadow vnmi flexpriority ept vpid dtherm arat
bugs		:
bogomips	: 5054.75
clflush size	: 64
cache_alignment	: 64
address sizes	: 36 bits physical, 48 bits virtual
power management:



Memory: 4k page, physical 3713288k(1253132k free), swap 2047996k(1712104k free)

vm_info: OpenJDK 64-Bit Server VM (25.91-b14) for linux-amd64 JRE (1.8.0_91-8u91-b14-0ubuntu4~16.04.1-b14), built on Apr 23 2016 07:03:54 by "buildd" with gcc 5.3.1 20160413

time: Tue Jun 14 21:01:48 2016
elapsed time: 12071 seconds (0d 3h 21m 11s)

